{"C:\\Users\\shari\\OneDrive\\Desktop\\Nestly\\server\\controllers\\adminAuditController.js": {"path":"C:\\Users\\shari\\OneDrive\\Desktop\\Nestly\\server\\controllers\\adminAuditController.js","statementMap":{"0":{"start":{"line":1,"column":21},"end":{"line":1,"column":56}},"1":{"start":{"line":6,"column":21},"end":{"line":19,"column":1}},"2":{"start":{"line":7,"column":2},"end":{"line":18,"column":3}},"3":{"start":{"line":8,"column":67},"end":{"line":8,"column":76}},"4":{"start":{"line":10,"column":17},"end":{"line":10,"column":95}},"5":{"start":{"line":12,"column":4},"end":{"line":15,"column":7}},"6":{"start":{"line":17,"column":4},"end":{"line":17,"column":16}},"7":{"start":{"line":21,"column":0},"end":{"line":23,"column":2}}},"fnMap":{"0":{"name":"(anonymous_0)","decl":{"start":{"line":6,"column":21},"end":{"line":6,"column":22}},"loc":{"start":{"line":6,"column":47},"end":{"line":19,"column":1}},"line":6}},"branchMap":{"0":{"loc":{"start":{"line":8,"column":12},"end":{"line":8,"column":20}},"type":"default-arg","locations":[{"start":{"line":8,"column":19},"end":{"line":8,"column":20}}],"line":8},"1":{"loc":{"start":{"line":8,"column":22},"end":{"line":8,"column":32}},"type":"default-arg","locations":[{"start":{"line":8,"column":30},"end":{"line":8,"column":32}}],"line":8}},"s":{"0":9,"1":9,"2":1,"3":1,"4":1,"5":1,"6":0,"7":9},"f":{"0":1},"b":{"0":[1],"1":[1]},"_coverageSchema":"1a1c01bbd47fc00a2c39e90264f33305004495a9","hash":"57bd9b77fe6f3a334bf512806b829a64634e2a74"}
,"C:\\Users\\shari\\OneDrive\\Desktop\\Nestly\\server\\controllers\\analyticsController.js": {"path":"C:\\Users\\shari\\OneDrive\\Desktop\\Nestly\\server\\controllers\\analyticsController.js","statementMap":{"0":{"start":{"line":1,"column":25},"end":{"line":1,"column":64}},"1":{"start":{"line":6,"column":27},"end":{"line":24,"column":1}},"2":{"start":{"line":7,"column":2},"end":{"line":23,"column":3}},"3":{"start":{"line":8,"column":41},"end":{"line":8,"column":50}},"4":{"start":{"line":10,"column":17},"end":{"line":15,"column":5}},"5":{"start":{"line":17,"column":4},"end":{"line":20,"column":7}},"6":{"start":{"line":22,"column":4},"end":{"line":22,"column":16}},"7":{"start":{"line":29,"column":25},"end":{"line":42,"column":1}},"8":{"start":{"line":30,"column":2},"end":{"line":41,"column":3}},"9":{"start":{"line":31,"column":41},"end":{"line":31,"column":50}},"10":{"start":{"line":33,"column":17},"end":{"line":33,"column":74}},"11":{"start":{"line":35,"column":4},"end":{"line":38,"column":7}},"12":{"start":{"line":40,"column":4},"end":{"line":40,"column":16}},"13":{"start":{"line":44,"column":0},"end":{"line":47,"column":2}}},"fnMap":{"0":{"name":"(anonymous_0)","decl":{"start":{"line":6,"column":27},"end":{"line":6,"column":28}},"loc":{"start":{"line":6,"column":53},"end":{"line":24,"column":1}},"line":6},"1":{"name":"(anonymous_1)","decl":{"start":{"line":29,"column":25},"end":{"line":29,"column":26}},"loc":{"start":{"line":29,"column":51},"end":{"line":42,"column":1}},"line":29}},"branchMap":{"0":{"loc":{"start":{"line":8,"column":12},"end":{"line":8,"column":26}},"type":"default-arg","locations":[{"start":{"line":8,"column":21},"end":{"line":8,"column":26}}],"line":8},"1":{"loc":{"start":{"line":31,"column":12},"end":{"line":31,"column":26}},"type":"default-arg","locations":[{"start":{"line":31,"column":21},"end":{"line":31,"column":26}}],"line":31}},"s":{"0":9,"1":9,"2":4,"3":4,"4":4,"5":4,"6":0,"7":9,"8":1,"9":1,"10":1,"11":1,"12":0,"13":9},"f":{"0":4,"1":1},"b":{"0":[2],"1":[1]},"_coverageSchema":"1a1c01bbd47fc00a2c39e90264f33305004495a9","hash":"aecd2a4d02faef320440e9a131d5c44e21895b71"}
,"C:\\Users\\shari\\OneDrive\\Desktop\\Nestly\\server\\controllers\\authController.js": {"path":"C:\\Users\\shari\\OneDrive\\Desktop\\Nestly\\server\\controllers\\authController.js","statementMap":{"0":{"start":{"line":1,"column":13},"end":{"line":1,"column":38}},"1":{"start":{"line":2,"column":30},"end":{"line":2,"column":63}},"2":{"start":{"line":3,"column":21},"end":{"line":3,"column":56}},"3":{"start":{"line":6,"column":30},"end":{"line":9,"column":1}},"4":{"start":{"line":12,"column":23},"end":{"line":18,"column":1}},"5":{"start":{"line":13,"column":2},"end":{"line":13,"column":112}},"6":{"start":{"line":13,"column":59},"end":{"line":13,"column":112}},"7":{"start":{"line":14,"column":2},"end":{"line":16,"column":3}},"8":{"start":{"line":15,"column":4},"end":{"line":15,"column":92}},"9":{"start":{"line":17,"column":2},"end":{"line":17,"column":14}},"10":{"start":{"line":23,"column":17},"end":{"line":88,"column":1}},"11":{"start":{"line":24,"column":2},"end":{"line":87,"column":3}},"12":{"start":{"line":25,"column":38},"end":{"line":25,"column":46}},"13":{"start":{"line":27,"column":4},"end":{"line":32,"column":5}},"14":{"start":{"line":28,"column":6},"end":{"line":31,"column":9}},"15":{"start":{"line":34,"column":26},"end":{"line":34,"column":50}},"16":{"start":{"line":35,"column":4},"end":{"line":40,"column":5}},"17":{"start":{"line":36,"column":6},"end":{"line":39,"column":9}},"18":{"start":{"line":43,"column":4},"end":{"line":53,"column":5}},"19":{"start":{"line":44,"column":6},"end":{"line":52,"column":9}},"20":{"start":{"line":56,"column":28},"end":{"line":56,"column":54}},"21":{"start":{"line":57,"column":25},"end":{"line":57,"column":71}},"22":{"start":{"line":59,"column":4},"end":{"line":64,"column":5}},"23":{"start":{"line":60,"column":6},"end":{"line":63,"column":9}},"24":{"start":{"line":67,"column":17},"end":{"line":72,"column":6}},"25":{"start":{"line":74,"column":4},"end":{"line":82,"column":7}},"26":{"start":{"line":84,"column":4},"end":{"line":84,"column":73}},"27":{"start":{"line":86,"column":4},"end":{"line":86,"column":16}},"28":{"start":{"line":93,"column":14},"end":{"line":179,"column":1}},"29":{"start":{"line":94,"column":2},"end":{"line":178,"column":3}},"30":{"start":{"line":95,"column":32},"end":{"line":95,"column":40}},"31":{"start":{"line":97,"column":4},"end":{"line":102,"column":5}},"32":{"start":{"line":98,"column":6},"end":{"line":101,"column":9}},"33":{"start":{"line":104,"column":28},"end":{"line":104,"column":54}},"34":{"start":{"line":107,"column":17},"end":{"line":107,"column":83}},"35":{"start":{"line":109,"column":4},"end":{"line":124,"column":5}},"36":{"start":{"line":110,"column":6},"end":{"line":118,"column":9}},"37":{"start":{"line":120,"column":6},"end":{"line":123,"column":9}},"38":{"start":{"line":126,"column":4},"end":{"line":142,"column":5}},"39":{"start":{"line":127,"column":6},"end":{"line":136,"column":9}},"40":{"start":{"line":138,"column":6},"end":{"line":141,"column":9}},"41":{"start":{"line":145,"column":20},"end":{"line":145,"column":54}},"42":{"start":{"line":147,"column":4},"end":{"line":163,"column":5}},"43":{"start":{"line":148,"column":6},"end":{"line":157,"column":9}},"44":{"start":{"line":159,"column":6},"end":{"line":162,"column":9}},"45":{"start":{"line":165,"column":4},"end":{"line":173,"column":7}},"46":{"start":{"line":175,"column":4},"end":{"line":175,"column":64}},"47":{"start":{"line":177,"column":4},"end":{"line":177,"column":16}},"48":{"start":{"line":184,"column":15},"end":{"line":211,"column":1}},"49":{"start":{"line":185,"column":2},"end":{"line":210,"column":3}},"50":{"start":{"line":186,"column":23},"end":{"line":186,"column":64}},"51":{"start":{"line":187,"column":4},"end":{"line":190,"column":7}},"52":{"start":{"line":192,"column":4},"end":{"line":202,"column":5}},"53":{"start":{"line":193,"column":6},"end":{"line":201,"column":9}},"54":{"start":{"line":204,"column":4},"end":{"line":207,"column":7}},"55":{"start":{"line":209,"column":4},"end":{"line":209,"column":16}},"56":{"start":{"line":216,"column":14},"end":{"line":225,"column":1}},"57":{"start":{"line":217,"column":2},"end":{"line":224,"column":3}},"58":{"start":{"line":218,"column":4},"end":{"line":221,"column":7}},"59":{"start":{"line":223,"column":4},"end":{"line":223,"column":16}},"60":{"start":{"line":230,"column":22},"end":{"line":265,"column":1}},"61":{"start":{"line":231,"column":2},"end":{"line":264,"column":3}},"62":{"start":{"line":232,"column":35},"end":{"line":232,"column":43}},"63":{"start":{"line":235,"column":4},"end":{"line":246,"column":5}},"64":{"start":{"line":236,"column":6},"end":{"line":245,"column":9}},"65":{"start":{"line":248,"column":27},"end":{"line":248,"column":29}},"66":{"start":{"line":249,"column":4},"end":{"line":249,"column":76}},"67":{"start":{"line":249,"column":42},"end":{"line":249,"column":76}},"68":{"start":{"line":250,"column":4},"end":{"line":250,"column":108}},"69":{"start":{"line":250,"column":58},"end":{"line":250,"column":108}},"70":{"start":{"line":252,"column":17},"end":{"line":255,"column":6}},"71":{"start":{"line":257,"column":4},"end":{"line":261,"column":7}},"72":{"start":{"line":263,"column":4},"end":{"line":263,"column":16}},"73":{"start":{"line":270,"column":23},"end":{"line":317,"column":1}},"74":{"start":{"line":271,"column":2},"end":{"line":316,"column":3}},"75":{"start":{"line":272,"column":45},"end":{"line":272,"column":53}},"76":{"start":{"line":274,"column":4},"end":{"line":279,"column":5}},"77":{"start":{"line":275,"column":6},"end":{"line":278,"column":9}},"78":{"start":{"line":281,"column":26},"end":{"line":281,"column":53}},"79":{"start":{"line":282,"column":4},"end":{"line":287,"column":5}},"80":{"start":{"line":283,"column":6},"end":{"line":286,"column":9}},"81":{"start":{"line":289,"column":17},"end":{"line":289,"column":70}},"82":{"start":{"line":292,"column":20},"end":{"line":292,"column":61}},"83":{"start":{"line":293,"column":4},"end":{"line":298,"column":5}},"84":{"start":{"line":294,"column":6},"end":{"line":297,"column":9}},"85":{"start":{"line":300,"column":4},"end":{"line":300,"column":32}},"86":{"start":{"line":301,"column":4},"end":{"line":301,"column":22}},"87":{"start":{"line":303,"column":4},"end":{"line":311,"column":7}},"88":{"start":{"line":313,"column":4},"end":{"line":313,"column":71}},"89":{"start":{"line":315,"column":4},"end":{"line":315,"column":16}},"90":{"start":{"line":322,"column":23},"end":{"line":336,"column":1}},"91":{"start":{"line":323,"column":2},"end":{"line":335,"column":3}},"92":{"start":{"line":324,"column":22},"end":{"line":324,"column":30}},"93":{"start":{"line":325,"column":4},"end":{"line":327,"column":5}},"94":{"start":{"line":326,"column":6},"end":{"line":326,"column":101}},"95":{"start":{"line":329,"column":4},"end":{"line":332,"column":7}},"96":{"start":{"line":334,"column":4},"end":{"line":334,"column":16}},"97":{"start":{"line":341,"column":22},"end":{"line":350,"column":1}},"98":{"start":{"line":342,"column":2},"end":{"line":349,"column":3}},"99":{"start":{"line":343,"column":4},"end":{"line":346,"column":7}},"100":{"start":{"line":348,"column":4},"end":{"line":348,"column":16}},"101":{"start":{"line":352,"column":0},"end":{"line":361,"column":2}}},"fnMap":{"0":{"name":"(anonymous_0)","decl":{"start":{"line":12,"column":23},"end":{"line":12,"column":24}},"loc":{"start":{"line":12,"column":37},"end":{"line":18,"column":1}},"line":12},"1":{"name":"(anonymous_1)","decl":{"start":{"line":23,"column":17},"end":{"line":23,"column":18}},"loc":{"start":{"line":23,"column":43},"end":{"line":88,"column":1}},"line":23},"2":{"name":"(anonymous_2)","decl":{"start":{"line":93,"column":14},"end":{"line":93,"column":15}},"loc":{"start":{"line":93,"column":40},"end":{"line":179,"column":1}},"line":93},"3":{"name":"(anonymous_3)","decl":{"start":{"line":184,"column":15},"end":{"line":184,"column":16}},"loc":{"start":{"line":184,"column":41},"end":{"line":211,"column":1}},"line":184},"4":{"name":"(anonymous_4)","decl":{"start":{"line":216,"column":14},"end":{"line":216,"column":15}},"loc":{"start":{"line":216,"column":40},"end":{"line":225,"column":1}},"line":216},"5":{"name":"(anonymous_5)","decl":{"start":{"line":230,"column":22},"end":{"line":230,"column":23}},"loc":{"start":{"line":230,"column":48},"end":{"line":265,"column":1}},"line":230},"6":{"name":"(anonymous_6)","decl":{"start":{"line":270,"column":23},"end":{"line":270,"column":24}},"loc":{"start":{"line":270,"column":49},"end":{"line":317,"column":1}},"line":270},"7":{"name":"(anonymous_7)","decl":{"start":{"line":322,"column":23},"end":{"line":322,"column":24}},"loc":{"start":{"line":322,"column":49},"end":{"line":336,"column":1}},"line":322},"8":{"name":"(anonymous_8)","decl":{"start":{"line":341,"column":22},"end":{"line":341,"column":23}},"loc":{"start":{"line":341,"column":48},"end":{"line":350,"column":1}},"line":341}},"branchMap":{"0":{"loc":{"start":{"line":13,"column":2},"end":{"line":13,"column":112}},"type":"if","locations":[{"start":{"line":13,"column":2},"end":{"line":13,"column":112}},{"start":{},"end":{}}],"line":13},"1":{"loc":{"start":{"line":13,"column":6},"end":{"line":13,"column":57}},"type":"binary-expr","locations":[{"start":{"line":13,"column":6},"end":{"line":13,"column":34}},{"start":{"line":13,"column":38},"end":{"line":13,"column":57}}],"line":13},"2":{"loc":{"start":{"line":14,"column":2},"end":{"line":16,"column":3}},"type":"if","locations":[{"start":{"line":14,"column":2},"end":{"line":16,"column":3}},{"start":{},"end":{}}],"line":14},"3":{"loc":{"start":{"line":27,"column":4},"end":{"line":32,"column":5}},"type":"if","locations":[{"start":{"line":27,"column":4},"end":{"line":32,"column":5}},{"start":{},"end":{}}],"line":27},"4":{"loc":{"start":{"line":27,"column":8},"end":{"line":27,"column":125}},"type":"binary-expr","locations":[{"start":{"line":27,"column":8},"end":{"line":27,"column":13}},{"start":{"line":27,"column":17},"end":{"line":27,"column":23}},{"start":{"line":27,"column":27},"end":{"line":27,"column":36}},{"start":{"line":27,"column":40},"end":{"line":27,"column":64}},{"start":{"line":27,"column":68},"end":{"line":27,"column":93}},{"start":{"line":27,"column":97},"end":{"line":27,"column":125}}],"line":27},"5":{"loc":{"start":{"line":35,"column":4},"end":{"line":40,"column":5}},"type":"if","locations":[{"start":{"line":35,"column":4},"end":{"line":40,"column":5}},{"start":{},"end":{}}],"line":35},"6":{"loc":{"start":{"line":43,"column":4},"end":{"line":53,"column":5}},"type":"if","locations":[{"start":{"line":43,"column":4},"end":{"line":53,"column":5}},{"start":{},"end":{}}],"line":43},"7":{"loc":{"start":{"line":43,"column":8},"end":{"line":43,"column":53}},"type":"binary-expr","locations":[{"start":{"line":43,"column":8},"end":{"line":43,"column":21}},{"start":{"line":43,"column":25},"end":{"line":43,"column":53}}],"line":43},"8":{"loc":{"start":{"line":59,"column":4},"end":{"line":64,"column":5}},"type":"if","locations":[{"start":{"line":59,"column":4},"end":{"line":64,"column":5}},{"start":{},"end":{}}],"line":59},"9":{"loc":{"start":{"line":97,"column":4},"end":{"line":102,"column":5}},"type":"if","locations":[{"start":{"line":97,"column":4},"end":{"line":102,"column":5}},{"start":{},"end":{}}],"line":97},"10":{"loc":{"start":{"line":97,"column":8},"end":{"line":97,"column":88}},"type":"binary-expr","locations":[{"start":{"line":97,"column":8},"end":{"line":97,"column":14}},{"start":{"line":97,"column":18},"end":{"line":97,"column":27}},{"start":{"line":97,"column":31},"end":{"line":97,"column":56}},{"start":{"line":97,"column":60},"end":{"line":97,"column":88}}],"line":97},"11":{"loc":{"start":{"line":109,"column":4},"end":{"line":124,"column":5}},"type":"if","locations":[{"start":{"line":109,"column":4},"end":{"line":124,"column":5}},{"start":{},"end":{}}],"line":109},"12":{"loc":{"start":{"line":126,"column":4},"end":{"line":142,"column":5}},"type":"if","locations":[{"start":{"line":126,"column":4},"end":{"line":142,"column":5}},{"start":{},"end":{}}],"line":126},"13":{"loc":{"start":{"line":147,"column":4},"end":{"line":163,"column":5}},"type":"if","locations":[{"start":{"line":147,"column":4},"end":{"line":163,"column":5}},{"start":{},"end":{}}],"line":147},"14":{"loc":{"start":{"line":186,"column":23},"end":{"line":186,"column":64}},"type":"binary-expr","locations":[{"start":{"line":186,"column":23},"end":{"line":186,"column":46}},{"start":{"line":186,"column":50},"end":{"line":186,"column":64}}],"line":186},"15":{"loc":{"start":{"line":192,"column":4},"end":{"line":202,"column":5}},"type":"if","locations":[{"start":{"line":192,"column":4},"end":{"line":202,"column":5}},{"start":{},"end":{}}],"line":192},"16":{"loc":{"start":{"line":235,"column":4},"end":{"line":246,"column":5}},"type":"if","locations":[{"start":{"line":235,"column":4},"end":{"line":246,"column":5}},{"start":{},"end":{}}],"line":235},"17":{"loc":{"start":{"line":235,"column":8},"end":{"line":235,"column":42}},"type":"binary-expr","locations":[{"start":{"line":235,"column":8},"end":{"line":235,"column":21}},{"start":{"line":235,"column":25},"end":{"line":235,"column":42}}],"line":235},"18":{"loc":{"start":{"line":249,"column":4},"end":{"line":249,"column":76}},"type":"if","locations":[{"start":{"line":249,"column":4},"end":{"line":249,"column":76}},{"start":{},"end":{}}],"line":249},"19":{"loc":{"start":{"line":249,"column":8},"end":{"line":249,"column":40}},"type":"binary-expr","locations":[{"start":{"line":249,"column":8},"end":{"line":249,"column":12}},{"start":{"line":249,"column":16},"end":{"line":249,"column":40}}],"line":249},"20":{"loc":{"start":{"line":250,"column":4},"end":{"line":250,"column":108}},"type":"if","locations":[{"start":{"line":250,"column":4},"end":{"line":250,"column":108}},{"start":{},"end":{}}],"line":250},"21":{"loc":{"start":{"line":250,"column":8},"end":{"line":250,"column":56}},"type":"binary-expr","locations":[{"start":{"line":250,"column":8},"end":{"line":250,"column":20}},{"start":{"line":250,"column":24},"end":{"line":250,"column":56}}],"line":250},"22":{"loc":{"start":{"line":274,"column":4},"end":{"line":279,"column":5}},"type":"if","locations":[{"start":{"line":274,"column":4},"end":{"line":279,"column":5}},{"start":{},"end":{}}],"line":274},"23":{"loc":{"start":{"line":274,"column":8},"end":{"line":274,"column":114}},"type":"binary-expr","locations":[{"start":{"line":274,"column":8},"end":{"line":274,"column":24}},{"start":{"line":274,"column":28},"end":{"line":274,"column":40}},{"start":{"line":274,"column":44},"end":{"line":274,"column":79}},{"start":{"line":274,"column":83},"end":{"line":274,"column":114}}],"line":274},"24":{"loc":{"start":{"line":282,"column":4},"end":{"line":287,"column":5}},"type":"if","locations":[{"start":{"line":282,"column":4},"end":{"line":287,"column":5}},{"start":{},"end":{}}],"line":282},"25":{"loc":{"start":{"line":293,"column":4},"end":{"line":298,"column":5}},"type":"if","locations":[{"start":{"line":293,"column":4},"end":{"line":298,"column":5}},{"start":{},"end":{}}],"line":293},"26":{"loc":{"start":{"line":325,"column":4},"end":{"line":327,"column":5}},"type":"if","locations":[{"start":{"line":325,"column":4},"end":{"line":327,"column":5}},{"start":{},"end":{}}],"line":325},"27":{"loc":{"start":{"line":325,"column":8},"end":{"line":325,"column":43}},"type":"binary-expr","locations":[{"start":{"line":325,"column":8},"end":{"line":325,"column":14}},{"start":{"line":325,"column":18},"end":{"line":325,"column":43}}],"line":325}},"s":{"0":9,"1":9,"2":9,"3":9,"4":9,"5":5,"6":1,"7":4,"8":0,"9":4,"10":9,"11":5,"12":5,"13":5,"14":0,"15":5,"16":5,"17":1,"18":4,"19":2,"20":4,"21":4,"22":4,"23":1,"24":3,"25":3,"26":3,"27":0,"28":9,"29":5,"30":5,"31":5,"32":1,"33":4,"34":4,"35":4,"36":1,"37":1,"38":3,"39":0,"40":0,"41":3,"42":3,"43":1,"44":1,"45":2,"46":2,"47":0,"48":9,"49":0,"50":0,"51":0,"52":0,"53":0,"54":0,"55":0,"56":9,"57":1,"58":1,"59":0,"60":9,"61":0,"62":0,"63":0,"64":0,"65":0,"66":0,"67":0,"68":0,"69":0,"70":0,"71":0,"72":0,"73":9,"74":0,"75":0,"76":0,"77":0,"78":0,"79":0,"80":0,"81":0,"82":0,"83":0,"84":0,"85":0,"86":0,"87":0,"88":0,"89":0,"90":9,"91":0,"92":0,"93":0,"94":0,"95":0,"96":0,"97":9,"98":0,"99":0,"100":0,"101":9},"f":{"0":5,"1":5,"2":5,"3":0,"4":1,"5":0,"6":0,"7":0,"8":0},"b":{"0":[1,4],"1":[5,5],"2":[0,4],"3":[0,5],"4":[5,5,5,5,5,5],"5":[1,4],"6":[2,2],"7":[4,2],"8":[1,3],"9":[1,4],"10":[5,5,5,4],"11":[1,3],"12":[0,3],"13":[1,2],"14":[0,0],"15":[0,0],"16":[0,0],"17":[0,0],"18":[0,0],"19":[0,0],"20":[0,0],"21":[0,0],"22":[0,0],"23":[0,0,0,0],"24":[0,0],"25":[0,0],"26":[0,0],"27":[0,0]},"_coverageSchema":"1a1c01bbd47fc00a2c39e90264f33305004495a9","hash":"bc3c22fa3263fc2611a250c4f83ead9afcba3036"}
,"C:\\Users\\shari\\OneDrive\\Desktop\\Nestly\\server\\controllers\\bookingController.js": {"path":"C:\\Users\\shari\\OneDrive\\Desktop\\Nestly\\server\\controllers\\bookingController.js","statementMap":{"0":{"start":{"line":1,"column":15},"end":{"line":1,"column":32}},"1":{"start":{"line":2,"column":16},"end":{"line":2,"column":44}},"2":{"start":{"line":3,"column":14},"end":{"line":3,"column":40}},"3":{"start":{"line":4,"column":13},"end":{"line":4,"column":38}},"4":{"start":{"line":5,"column":34},"end":{"line":5,"column":76}},"5":{"start":{"line":6,"column":49},"end":{"line":6,"column":86}},"6":{"start":{"line":7,"column":28},"end":{"line":7,"column":70}},"7":{"start":{"line":10,"column":18},"end":{"line":10,"column":27}},"8":{"start":{"line":12,"column":24},"end":{"line":25,"column":1}},"9":{"start":{"line":13,"column":14},"end":{"line":13,"column":31}},"10":{"start":{"line":14,"column":23},"end":{"line":14,"column":62}},"11":{"start":{"line":16,"column":22},"end":{"line":16,"column":70}},"12":{"start":{"line":16,"column":49},"end":{"line":16,"column":67}},"13":{"start":{"line":17,"column":2},"end":{"line":17,"column":59}},"14":{"start":{"line":17,"column":45},"end":{"line":17,"column":56}},"15":{"start":{"line":19,"column":2},"end":{"line":24,"column":3}},"16":{"start":{"line":20,"column":4},"end":{"line":20,"column":23}},"17":{"start":{"line":21,"column":4},"end":{"line":21,"column":22}},"18":{"start":{"line":23,"column":4},"end":{"line":23,"column":14}},"19":{"start":{"line":28,"column":33},"end":{"line":32,"column":1}},"20":{"start":{"line":29,"column":15},"end":{"line":29,"column":39}},"21":{"start":{"line":30,"column":22},"end":{"line":30,"column":73}},"22":{"start":{"line":31,"column":2},"end":{"line":31,"column":38}},"23":{"start":{"line":37,"column":26},"end":{"line":85,"column":1}},"24":{"start":{"line":38,"column":2},"end":{"line":84,"column":3}},"25":{"start":{"line":39,"column":23},"end":{"line":39,"column":33}},"26":{"start":{"line":40,"column":57},"end":{"line":40,"column":66}},"27":{"start":{"line":42,"column":4},"end":{"line":47,"column":5}},"28":{"start":{"line":43,"column":6},"end":{"line":46,"column":9}},"29":{"start":{"line":49,"column":25},"end":{"line":49,"column":86}},"30":{"start":{"line":51,"column":4},"end":{"line":56,"column":5}},"31":{"start":{"line":52,"column":6},"end":{"line":55,"column":9}},"32":{"start":{"line":59,"column":24},"end":{"line":59,"column":66}},"33":{"start":{"line":60,"column":26},"end":{"line":60,"column":55}},"34":{"start":{"line":63,"column":20},"end":{"line":68,"column":5}},"35":{"start":{"line":70,"column":4},"end":{"line":81,"column":7}},"36":{"start":{"line":83,"column":4},"end":{"line":83,"column":16}},"37":{"start":{"line":90,"column":17},"end":{"line":128,"column":1}},"38":{"start":{"line":91,"column":2},"end":{"line":127,"column":3}},"39":{"start":{"line":92,"column":71},"end":{"line":92,"column":79}},"40":{"start":{"line":94,"column":4},"end":{"line":99,"column":5}},"41":{"start":{"line":95,"column":6},"end":{"line":98,"column":9}},"42":{"start":{"line":101,"column":17},"end":{"line":101,"column":44}},"43":{"start":{"line":102,"column":4},"end":{"line":107,"column":5}},"44":{"start":{"line":103,"column":6},"end":{"line":106,"column":9}},"45":{"start":{"line":109,"column":25},"end":{"line":109,"column":92}},"46":{"start":{"line":110,"column":24},"end":{"line":110,"column":59}},"47":{"start":{"line":111,"column":26},"end":{"line":111,"column":55}},"48":{"start":{"line":113,"column":20},"end":{"line":113,"column":93}},"49":{"start":{"line":115,"column":4},"end":{"line":124,"column":7}},"50":{"start":{"line":126,"column":4},"end":{"line":126,"column":16}},"51":{"start":{"line":133,"column":22},"end":{"line":278,"column":1}},"52":{"start":{"line":141,"column":6},"end":{"line":141,"column":14}},"53":{"start":{"line":143,"column":2},"end":{"line":148,"column":3}},"54":{"start":{"line":144,"column":4},"end":{"line":147,"column":7}},"55":{"start":{"line":151,"column":2},"end":{"line":277,"column":5}},"56":{"start":{"line":152,"column":4},"end":{"line":276,"column":5}},"57":{"start":{"line":153,"column":22},"end":{"line":153,"column":49}},"58":{"start":{"line":154,"column":23},"end":{"line":154,"column":51}},"59":{"start":{"line":155,"column":20},"end":{"line":155,"column":45}},"60":{"start":{"line":157,"column":6},"end":{"line":162,"column":7}},"61":{"start":{"line":158,"column":8},"end":{"line":161,"column":11}},"62":{"start":{"line":164,"column":6},"end":{"line":169,"column":7}},"63":{"start":{"line":165,"column":8},"end":{"line":168,"column":11}},"64":{"start":{"line":172,"column":20},"end":{"line":172,"column":49}},"65":{"start":{"line":173,"column":6},"end":{"line":178,"column":7}},"66":{"start":{"line":174,"column":8},"end":{"line":177,"column":11}},"67":{"start":{"line":181,"column":19},"end":{"line":181,"column":46}},"68":{"start":{"line":182,"column":6},"end":{"line":187,"column":7}},"69":{"start":{"line":183,"column":8},"end":{"line":186,"column":11}},"70":{"start":{"line":190,"column":26},"end":{"line":190,"column":61}},"71":{"start":{"line":191,"column":6},"end":{"line":196,"column":7}},"72":{"start":{"line":192,"column":8},"end":{"line":195,"column":11}},"73":{"start":{"line":199,"column":27},"end":{"line":199,"column":94}},"74":{"start":{"line":201,"column":6},"end":{"line":206,"column":7}},"75":{"start":{"line":202,"column":8},"end":{"line":205,"column":11}},"76":{"start":{"line":209,"column":22},"end":{"line":209,"column":95}},"77":{"start":{"line":212,"column":31},"end":{"line":212,"column":57}},"78":{"start":{"line":214,"column":26},"end":{"line":232,"column":7}},"79":{"start":{"line":234,"column":22},"end":{"line":234,"column":55}},"80":{"start":{"line":236,"column":31},"end":{"line":238,"column":61}},"81":{"start":{"line":241,"column":6},"end":{"line":252,"column":9}},"82":{"start":{"line":254,"column":6},"end":{"line":267,"column":7}},"83":{"start":{"line":255,"column":8},"end":{"line":266,"column":11}},"84":{"start":{"line":269,"column":6},"end":{"line":273,"column":9}},"85":{"start":{"line":275,"column":6},"end":{"line":275,"column":18}},"86":{"start":{"line":283,"column":22},"end":{"line":298,"column":1}},"87":{"start":{"line":284,"column":2},"end":{"line":297,"column":3}},"88":{"start":{"line":285,"column":21},"end":{"line":288,"column":30}},"89":{"start":{"line":290,"column":4},"end":{"line":294,"column":7}},"90":{"start":{"line":296,"column":4},"end":{"line":296,"column":16}},"91":{"start":{"line":303,"column":23},"end":{"line":336,"column":1}},"92":{"start":{"line":304,"column":2},"end":{"line":335,"column":3}},"93":{"start":{"line":305,"column":20},"end":{"line":308,"column":69}},"94":{"start":{"line":310,"column":4},"end":{"line":315,"column":5}},"95":{"start":{"line":311,"column":6},"end":{"line":314,"column":9}},"96":{"start":{"line":318,"column":23},"end":{"line":318,"column":78}},"97":{"start":{"line":319,"column":27},"end":{"line":319,"column":85}},"98":{"start":{"line":320,"column":20},"end":{"line":320,"column":45}},"99":{"start":{"line":322,"column":4},"end":{"line":327,"column":5}},"100":{"start":{"line":323,"column":6},"end":{"line":326,"column":9}},"101":{"start":{"line":329,"column":4},"end":{"line":332,"column":7}},"102":{"start":{"line":334,"column":4},"end":{"line":334,"column":16}},"103":{"start":{"line":341,"column":22},"end":{"line":415,"column":1}},"104":{"start":{"line":342,"column":2},"end":{"line":414,"column":3}},"105":{"start":{"line":343,"column":20},"end":{"line":343,"column":57}},"106":{"start":{"line":345,"column":4},"end":{"line":350,"column":5}},"107":{"start":{"line":346,"column":6},"end":{"line":349,"column":9}},"108":{"start":{"line":353,"column":23},"end":{"line":353,"column":74}},"109":{"start":{"line":354,"column":20},"end":{"line":354,"column":45}},"110":{"start":{"line":356,"column":4},"end":{"line":361,"column":5}},"111":{"start":{"line":357,"column":6},"end":{"line":360,"column":9}},"112":{"start":{"line":363,"column":4},"end":{"line":368,"column":5}},"113":{"start":{"line":364,"column":6},"end":{"line":367,"column":9}},"114":{"start":{"line":371,"column":18},"end":{"line":371,"column":43}},"115":{"start":{"line":372,"column":20},"end":{"line":372,"column":50}},"116":{"start":{"line":374,"column":4},"end":{"line":379,"column":5}},"117":{"start":{"line":375,"column":6},"end":{"line":378,"column":9}},"118":{"start":{"line":381,"column":4},"end":{"line":381,"column":33}},"119":{"start":{"line":382,"column":4},"end":{"line":382,"column":37}},"120":{"start":{"line":383,"column":4},"end":{"line":383,"column":88}},"121":{"start":{"line":385,"column":4},"end":{"line":385,"column":25}},"122":{"start":{"line":387,"column":22},"end":{"line":387,"column":114}},"123":{"start":{"line":390,"column":4},"end":{"line":396,"column":7}},"124":{"start":{"line":398,"column":4},"end":{"line":405,"column":5}},"125":{"start":{"line":399,"column":6},"end":{"line":404,"column":9}},"126":{"start":{"line":407,"column":4},"end":{"line":411,"column":7}},"127":{"start":{"line":413,"column":4},"end":{"line":413,"column":16}},"128":{"start":{"line":420,"column":27},"end":{"line":440,"column":1}},"129":{"start":{"line":421,"column":2},"end":{"line":439,"column":3}},"130":{"start":{"line":423,"column":26},"end":{"line":423,"column":81}},"131":{"start":{"line":424,"column":21},"end":{"line":424,"column":50}},"132":{"start":{"line":424,"column":44},"end":{"line":424,"column":49}},"133":{"start":{"line":426,"column":21},"end":{"line":430,"column":30}},"134":{"start":{"line":432,"column":4},"end":{"line":436,"column":7}},"135":{"start":{"line":438,"column":4},"end":{"line":438,"column":16}},"136":{"start":{"line":442,"column":0},"end":{"line":450,"column":2}}},"fnMap":{"0":{"name":"(anonymous_0)","decl":{"start":{"line":12,"column":24},"end":{"line":12,"column":25}},"loc":{"start":{"line":12,"column":46},"end":{"line":25,"column":1}},"line":12},"1":{"name":"(anonymous_1)","decl":{"start":{"line":16,"column":34},"end":{"line":16,"column":35}},"loc":{"start":{"line":16,"column":47},"end":{"line":16,"column":69}},"line":16},"2":{"name":"(anonymous_2)","decl":{"start":{"line":17,"column":39},"end":{"line":17,"column":40}},"loc":{"start":{"line":17,"column":45},"end":{"line":17,"column":56}},"line":17},"3":{"name":"(anonymous_3)","decl":{"start":{"line":28,"column":33},"end":{"line":28,"column":34}},"loc":{"start":{"line":28,"column":39},"end":{"line":32,"column":1}},"line":28},"4":{"name":"(anonymous_4)","decl":{"start":{"line":37,"column":26},"end":{"line":37,"column":27}},"loc":{"start":{"line":37,"column":52},"end":{"line":85,"column":1}},"line":37},"5":{"name":"(anonymous_5)","decl":{"start":{"line":90,"column":17},"end":{"line":90,"column":18}},"loc":{"start":{"line":90,"column":43},"end":{"line":128,"column":1}},"line":90},"6":{"name":"(anonymous_6)","decl":{"start":{"line":133,"column":22},"end":{"line":133,"column":23}},"loc":{"start":{"line":133,"column":48},"end":{"line":278,"column":1}},"line":133},"7":{"name":"(anonymous_7)","decl":{"start":{"line":151,"column":32},"end":{"line":151,"column":33}},"loc":{"start":{"line":151,"column":44},"end":{"line":277,"column":3}},"line":151},"8":{"name":"(anonymous_8)","decl":{"start":{"line":283,"column":22},"end":{"line":283,"column":23}},"loc":{"start":{"line":283,"column":48},"end":{"line":298,"column":1}},"line":283},"9":{"name":"(anonymous_9)","decl":{"start":{"line":303,"column":23},"end":{"line":303,"column":24}},"loc":{"start":{"line":303,"column":49},"end":{"line":336,"column":1}},"line":303},"10":{"name":"(anonymous_10)","decl":{"start":{"line":341,"column":22},"end":{"line":341,"column":23}},"loc":{"start":{"line":341,"column":48},"end":{"line":415,"column":1}},"line":341},"11":{"name":"(anonymous_11)","decl":{"start":{"line":420,"column":27},"end":{"line":420,"column":28}},"loc":{"start":{"line":420,"column":53},"end":{"line":440,"column":1}},"line":420},"12":{"name":"(anonymous_12)","decl":{"start":{"line":424,"column":39},"end":{"line":424,"column":40}},"loc":{"start":{"line":424,"column":44},"end":{"line":424,"column":49}},"line":424}},"branchMap":{"0":{"loc":{"start":{"line":14,"column":23},"end":{"line":14,"column":62}},"type":"binary-expr","locations":[{"start":{"line":14,"column":23},"end":{"line":14,"column":41}},{"start":{"line":14,"column":45},"end":{"line":14,"column":62}}],"line":14},"1":{"loc":{"start":{"line":40,"column":31},"end":{"line":40,"column":40}},"type":"default-arg","locations":[{"start":{"line":40,"column":39},"end":{"line":40,"column":40}}],"line":40},"2":{"loc":{"start":{"line":40,"column":42},"end":{"line":40,"column":52}},"type":"default-arg","locations":[{"start":{"line":40,"column":51},"end":{"line":40,"column":52}}],"line":40},"3":{"loc":{"start":{"line":42,"column":4},"end":{"line":47,"column":5}},"type":"if","locations":[{"start":{"line":42,"column":4},"end":{"line":47,"column":5}},{"start":{},"end":{}}],"line":42},"4":{"loc":{"start":{"line":42,"column":8},"end":{"line":42,"column":29}},"type":"binary-expr","locations":[{"start":{"line":42,"column":8},"end":{"line":42,"column":16}},{"start":{"line":42,"column":20},"end":{"line":42,"column":29}}],"line":42},"5":{"loc":{"start":{"line":51,"column":4},"end":{"line":56,"column":5}},"type":"if","locations":[{"start":{"line":51,"column":4},"end":{"line":56,"column":5}},{"start":{},"end":{}}],"line":51},"6":{"loc":{"start":{"line":54,"column":17},"end":{"line":54,"column":63}},"type":"binary-expr","locations":[{"start":{"line":54,"column":17},"end":{"line":54,"column":36}},{"start":{"line":54,"column":40},"end":{"line":54,"column":63}}],"line":54},"7":{"loc":{"start":{"line":73,"column":19},"end":{"line":73,"column":58}},"type":"binary-expr","locations":[{"start":{"line":73,"column":19},"end":{"line":73,"column":41}},{"start":{"line":73,"column":45},"end":{"line":73,"column":58}}],"line":73},"8":{"loc":{"start":{"line":92,"column":39},"end":{"line":92,"column":54}},"type":"default-arg","locations":[{"start":{"line":92,"column":53},"end":{"line":92,"column":54}}],"line":92},"9":{"loc":{"start":{"line":92,"column":56},"end":{"line":92,"column":66}},"type":"default-arg","locations":[{"start":{"line":92,"column":65},"end":{"line":92,"column":66}}],"line":92},"10":{"loc":{"start":{"line":94,"column":4},"end":{"line":99,"column":5}},"type":"if","locations":[{"start":{"line":94,"column":4},"end":{"line":99,"column":5}},{"start":{},"end":{}}],"line":94},"11":{"loc":{"start":{"line":94,"column":8},"end":{"line":94,"column":40}},"type":"binary-expr","locations":[{"start":{"line":94,"column":8},"end":{"line":94,"column":15}},{"start":{"line":94,"column":19},"end":{"line":94,"column":27}},{"start":{"line":94,"column":31},"end":{"line":94,"column":40}}],"line":94},"12":{"loc":{"start":{"line":102,"column":4},"end":{"line":107,"column":5}},"type":"if","locations":[{"start":{"line":102,"column":4},"end":{"line":107,"column":5}},{"start":{},"end":{}}],"line":102},"13":{"loc":{"start":{"line":102,"column":8},"end":{"line":102,"column":44}},"type":"binary-expr","locations":[{"start":{"line":102,"column":8},"end":{"line":102,"column":13}},{"start":{"line":102,"column":17},"end":{"line":102,"column":44}}],"line":102},"14":{"loc":{"start":{"line":118,"column":19},"end":{"line":118,"column":58}},"type":"binary-expr","locations":[{"start":{"line":118,"column":19},"end":{"line":118,"column":41}},{"start":{"line":118,"column":45},"end":{"line":118,"column":58}}],"line":118},"15":{"loc":{"start":{"line":139,"column":4},"end":{"line":139,"column":19}},"type":"default-arg","locations":[{"start":{"line":139,"column":18},"end":{"line":139,"column":19}}],"line":139},"16":{"loc":{"start":{"line":140,"column":4},"end":{"line":140,"column":14}},"type":"default-arg","locations":[{"start":{"line":140,"column":13},"end":{"line":140,"column":14}}],"line":140},"17":{"loc":{"start":{"line":143,"column":2},"end":{"line":148,"column":3}},"type":"if","locations":[{"start":{"line":143,"column":2},"end":{"line":148,"column":3}},{"start":{},"end":{}}],"line":143},"18":{"loc":{"start":{"line":143,"column":6},"end":{"line":143,"column":60}},"type":"binary-expr","locations":[{"start":{"line":143,"column":6},"end":{"line":143,"column":14}},{"start":{"line":143,"column":18},"end":{"line":143,"column":25}},{"start":{"line":143,"column":29},"end":{"line":143,"column":42}},{"start":{"line":143,"column":46},"end":{"line":143,"column":60}}],"line":143},"19":{"loc":{"start":{"line":157,"column":6},"end":{"line":162,"column":7}},"type":"if","locations":[{"start":{"line":157,"column":6},"end":{"line":162,"column":7}},{"start":{},"end":{}}],"line":157},"20":{"loc":{"start":{"line":164,"column":6},"end":{"line":169,"column":7}},"type":"if","locations":[{"start":{"line":164,"column":6},"end":{"line":169,"column":7}},{"start":{},"end":{}}],"line":164},"21":{"loc":{"start":{"line":173,"column":6},"end":{"line":178,"column":7}},"type":"if","locations":[{"start":{"line":173,"column":6},"end":{"line":178,"column":7}},{"start":{},"end":{}}],"line":173},"22":{"loc":{"start":{"line":173,"column":10},"end":{"line":173,"column":45}},"type":"binary-expr","locations":[{"start":{"line":173,"column":10},"end":{"line":173,"column":16}},{"start":{"line":173,"column":20},"end":{"line":173,"column":45}}],"line":173},"23":{"loc":{"start":{"line":182,"column":6},"end":{"line":187,"column":7}},"type":"if","locations":[{"start":{"line":182,"column":6},"end":{"line":187,"column":7}},{"start":{},"end":{}}],"line":182},"24":{"loc":{"start":{"line":182,"column":10},"end":{"line":182,"column":83}},"type":"binary-expr","locations":[{"start":{"line":182,"column":10},"end":{"line":182,"column":15}},{"start":{"line":182,"column":19},"end":{"line":182,"column":52}},{"start":{"line":182,"column":56},"end":{"line":182,"column":83}}],"line":182},"25":{"loc":{"start":{"line":191,"column":6},"end":{"line":196,"column":7}},"type":"if","locations":[{"start":{"line":191,"column":6},"end":{"line":196,"column":7}},{"start":{},"end":{}}],"line":191},"26":{"loc":{"start":{"line":201,"column":6},"end":{"line":206,"column":7}},"type":"if","locations":[{"start":{"line":201,"column":6},"end":{"line":206,"column":7}},{"start":{},"end":{}}],"line":201},"27":{"loc":{"start":{"line":254,"column":6},"end":{"line":267,"column":7}},"type":"if","locations":[{"start":{"line":254,"column":6},"end":{"line":267,"column":7}},{"start":{},"end":{}}],"line":254},"28":{"loc":{"start":{"line":310,"column":4},"end":{"line":315,"column":5}},"type":"if","locations":[{"start":{"line":310,"column":4},"end":{"line":315,"column":5}},{"start":{},"end":{}}],"line":310},"29":{"loc":{"start":{"line":322,"column":4},"end":{"line":327,"column":5}},"type":"if","locations":[{"start":{"line":322,"column":4},"end":{"line":327,"column":5}},{"start":{},"end":{}}],"line":322},"30":{"loc":{"start":{"line":322,"column":8},"end":{"line":322,"column":50}},"type":"binary-expr","locations":[{"start":{"line":322,"column":8},"end":{"line":322,"column":19}},{"start":{"line":322,"column":23},"end":{"line":322,"column":38}},{"start":{"line":322,"column":42},"end":{"line":322,"column":50}}],"line":322},"31":{"loc":{"start":{"line":345,"column":4},"end":{"line":350,"column":5}},"type":"if","locations":[{"start":{"line":345,"column":4},"end":{"line":350,"column":5}},{"start":{},"end":{}}],"line":345},"32":{"loc":{"start":{"line":356,"column":4},"end":{"line":361,"column":5}},"type":"if","locations":[{"start":{"line":356,"column":4},"end":{"line":361,"column":5}},{"start":{},"end":{}}],"line":356},"33":{"loc":{"start":{"line":356,"column":8},"end":{"line":356,"column":31}},"type":"binary-expr","locations":[{"start":{"line":356,"column":8},"end":{"line":356,"column":19}},{"start":{"line":356,"column":23},"end":{"line":356,"column":31}}],"line":356},"34":{"loc":{"start":{"line":363,"column":4},"end":{"line":368,"column":5}},"type":"if","locations":[{"start":{"line":363,"column":4},"end":{"line":368,"column":5}},{"start":{},"end":{}}],"line":363},"35":{"loc":{"start":{"line":374,"column":4},"end":{"line":379,"column":5}},"type":"if","locations":[{"start":{"line":374,"column":4},"end":{"line":379,"column":5}},{"start":{},"end":{}}],"line":374},"36":{"loc":{"start":{"line":383,"column":33},"end":{"line":383,"column":87}},"type":"binary-expr","locations":[{"start":{"line":383,"column":33},"end":{"line":383,"column":60}},{"start":{"line":383,"column":64},"end":{"line":383,"column":87}}],"line":383},"37":{"loc":{"start":{"line":394,"column":17},"end":{"line":394,"column":49}},"type":"binary-expr","locations":[{"start":{"line":394,"column":17},"end":{"line":394,"column":38}},{"start":{"line":394,"column":42},"end":{"line":394,"column":49}}],"line":394},"38":{"loc":{"start":{"line":395,"column":16},"end":{"line":395,"column":47}},"type":"binary-expr","locations":[{"start":{"line":395,"column":16},"end":{"line":395,"column":36}},{"start":{"line":395,"column":40},"end":{"line":395,"column":47}}],"line":395},"39":{"loc":{"start":{"line":398,"column":4},"end":{"line":405,"column":5}},"type":"if","locations":[{"start":{"line":398,"column":4},"end":{"line":405,"column":5}},{"start":{},"end":{}}],"line":398}},"s":{"0":9,"1":9,"2":9,"3":9,"4":9,"5":9,"6":9,"7":9,"8":9,"9":6,"10":6,"11":6,"12":6,"13":6,"14":6,"15":6,"16":6,"17":6,"18":6,"19":9,"20":3,"21":3,"22":3,"23":9,"24":0,"25":0,"26":0,"27":0,"28":0,"29":0,"30":0,"31":0,"32":0,"33":0,"34":0,"35":0,"36":0,"37":9,"38":0,"39":0,"40":0,"41":0,"42":0,"43":0,"44":0,"45":0,"46":0,"47":0,"48":0,"49":0,"50":0,"51":9,"52":6,"53":6,"54":0,"55":6,"56":6,"57":6,"58":6,"59":6,"60":6,"61":1,"62":5,"63":1,"64":4,"65":4,"66":0,"67":4,"68":4,"69":0,"70":4,"71":4,"72":0,"73":4,"74":4,"75":1,"76":3,"77":3,"78":3,"79":3,"80":3,"81":3,"82":3,"83":3,"84":3,"85":0,"86":9,"87":0,"88":0,"89":0,"90":0,"91":9,"92":0,"93":0,"94":0,"95":0,"96":0,"97":0,"98":0,"99":0,"100":0,"101":0,"102":0,"103":9,"104":2,"105":2,"106":2,"107":0,"108":2,"109":2,"110":2,"111":1,"112":1,"113":0,"114":1,"115":1,"116":1,"117":0,"118":1,"119":1,"120":1,"121":1,"122":1,"123":1,"124":1,"125":1,"126":1,"127":0,"128":9,"129":0,"130":0,"131":0,"132":0,"133":0,"134":0,"135":0,"136":9},"f":{"0":6,"1":6,"2":6,"3":3,"4":0,"5":0,"6":6,"7":6,"8":0,"9":0,"10":2,"11":0,"12":0},"b":{"0":[6,5],"1":[0],"2":[0],"3":[0,0],"4":[0,0],"5":[0,0],"6":[0,0],"7":[0,0],"8":[0],"9":[0],"10":[0,0],"11":[0,0,0],"12":[0,0],"13":[0,0],"14":[0,0],"15":[0],"16":[0],"17":[0,6],"18":[6,6,6,6],"19":[1,5],"20":[1,4],"21":[0,4],"22":[4,4],"23":[0,4],"24":[4,4,4],"25":[0,4],"26":[1,3],"27":[3,0],"28":[0,0],"29":[0,0],"30":[0,0,0],"31":[0,2],"32":[1,1],"33":[2,1],"34":[0,1],"35":[0,1],"36":[1,0],"37":[1,0],"38":[1,0],"39":[1,0]},"_coverageSchema":"1a1c01bbd47fc00a2c39e90264f33305004495a9","hash":"6dd7a4940a1968921fb3aeb99443946c9a981795"}
,"C:\\Users\\shari\\OneDrive\\Desktop\\Nestly\\server\\controllers\\hotelController.js": {"path":"C:\\Users\\shari\\OneDrive\\Desktop\\Nestly\\server\\controllers\\hotelController.js","statementMap":{"0":{"start":{"line":1,"column":12},"end":{"line":1,"column":26}},"1":{"start":{"line":2,"column":14},"end":{"line":2,"column":40}},"2":{"start":{"line":3,"column":13},"end":{"line":3,"column":38}},"3":{"start":{"line":4,"column":21},"end":{"line":4,"column":56}},"4":{"start":{"line":5,"column":21},"end":{"line":5,"column":56}},"5":{"start":{"line":8,"column":33},"end":{"line":16,"column":1}},"6":{"start":{"line":9,"column":22},"end":{"line":9,"column":105}},"7":{"start":{"line":10,"column":22},"end":{"line":10,"column":23}},"8":{"start":{"line":11,"column":2},"end":{"line":13,"column":3}},"9":{"start":{"line":12,"column":4},"end":{"line":12,"column":49}},"10":{"start":{"line":14,"column":2},"end":{"line":14,"column":60}},"11":{"start":{"line":15,"column":2},"end":{"line":15,"column":23}},"12":{"start":{"line":23,"column":18},"end":{"line":102,"column":1}},"13":{"start":{"line":24,"column":2},"end":{"line":101,"column":3}},"14":{"start":{"line":33,"column":8},"end":{"line":33,"column":17}},"15":{"start":{"line":35,"column":21},"end":{"line":35,"column":63}},"16":{"start":{"line":37,"column":23},"end":{"line":91,"column":6}},"17":{"start":{"line":39,"column":18},"end":{"line":39,"column":48}},"18":{"start":{"line":42,"column":6},"end":{"line":45,"column":7}},"19":{"start":{"line":43,"column":34},"end":{"line":43,"column":54}},"20":{"start":{"line":44,"column":8},"end":{"line":44,"column":107}},"21":{"start":{"line":48,"column":6},"end":{"line":58,"column":7}},"22":{"start":{"line":49,"column":32},"end":{"line":49,"column":50}},"23":{"start":{"line":50,"column":30},"end":{"line":50,"column":84}},"24":{"start":{"line":51,"column":28},"end":{"line":51,"column":58}},"25":{"start":{"line":52,"column":8},"end":{"line":57,"column":10}},"26":{"start":{"line":61,"column":6},"end":{"line":65,"column":7}},"27":{"start":{"line":62,"column":8},"end":{"line":62,"column":33}},"28":{"start":{"line":63,"column":8},"end":{"line":63,"column":94}},"29":{"start":{"line":63,"column":50},"end":{"line":63,"column":94}},"30":{"start":{"line":64,"column":8},"end":{"line":64,"column":94}},"31":{"start":{"line":64,"column":50},"end":{"line":64,"column":94}},"32":{"start":{"line":68,"column":6},"end":{"line":70,"column":7}},"33":{"start":{"line":69,"column":8},"end":{"line":69,"column":51}},"34":{"start":{"line":73,"column":24},"end":{"line":73,"column":26}},"35":{"start":{"line":74,"column":6},"end":{"line":85,"column":7}},"36":{"start":{"line":75,"column":8},"end":{"line":75,"column":38}},"37":{"start":{"line":76,"column":13},"end":{"line":85,"column":7}},"38":{"start":{"line":77,"column":8},"end":{"line":77,"column":39}},"39":{"start":{"line":78,"column":13},"end":{"line":85,"column":7}},"40":{"start":{"line":79,"column":8},"end":{"line":79,"column":32}},"41":{"start":{"line":80,"column":13},"end":{"line":85,"column":7}},"42":{"start":{"line":81,"column":8},"end":{"line":81,"column":35}},"43":{"start":{"line":83,"column":8},"end":{"line":83,"column":32}},"44":{"start":{"line":84,"column":8},"end":{"line":84,"column":35}},"45":{"start":{"line":87,"column":21},"end":{"line":87,"column":62}},"46":{"start":{"line":88,"column":21},"end":{"line":88,"column":71}},"47":{"start":{"line":90,"column":6},"end":{"line":90,"column":32}},"48":{"start":{"line":93,"column":4},"end":{"line":98,"column":7}},"49":{"start":{"line":100,"column":4},"end":{"line":100,"column":16}},"50":{"start":{"line":107,"column":21},"end":{"line":157,"column":1}},"51":{"start":{"line":108,"column":2},"end":{"line":156,"column":3}},"52":{"start":{"line":109,"column":20},"end":{"line":109,"column":33}},"53":{"start":{"line":112,"column":25},"end":{"line":112,"column":30}},"54":{"start":{"line":113,"column":4},"end":{"line":122,"column":5}},"55":{"start":{"line":114,"column":6},"end":{"line":121,"column":7}},"56":{"start":{"line":115,"column":8},"end":{"line":115,"column":30}},"57":{"start":{"line":117,"column":25},"end":{"line":117,"column":54}},"58":{"start":{"line":118,"column":8},"end":{"line":120,"column":9}},"59":{"start":{"line":119,"column":10},"end":{"line":119,"column":32}},"60":{"start":{"line":124,"column":4},"end":{"line":131,"column":5}},"61":{"start":{"line":125,"column":20},"end":{"line":125,"column":94}},"62":{"start":{"line":126,"column":6},"end":{"line":128,"column":7}},"63":{"start":{"line":127,"column":8},"end":{"line":127,"column":93}},"64":{"start":{"line":129,"column":20},"end":{"line":129,"column":57}},"65":{"start":{"line":130,"column":6},"end":{"line":130,"column":91}},"66":{"start":{"line":134,"column":21},"end":{"line":134,"column":60}},"67":{"start":{"line":135,"column":23},"end":{"line":141,"column":6}},"68":{"start":{"line":136,"column":20},"end":{"line":136,"column":94}},"69":{"start":{"line":137,"column":6},"end":{"line":137,"column":30}},"70":{"start":{"line":137,"column":18},"end":{"line":137,"column":30}},"71":{"start":{"line":139,"column":20},"end":{"line":139,"column":78}},"72":{"start":{"line":140,"column":6},"end":{"line":140,"column":44}},"73":{"start":{"line":143,"column":4},"end":{"line":148,"column":5}},"74":{"start":{"line":144,"column":6},"end":{"line":147,"column":9}},"75":{"start":{"line":150,"column":4},"end":{"line":153,"column":7}},"76":{"start":{"line":155,"column":4},"end":{"line":155,"column":16}},"77":{"start":{"line":162,"column":25},"end":{"line":186,"column":1}},"78":{"start":{"line":163,"column":2},"end":{"line":185,"column":3}},"79":{"start":{"line":164,"column":18},"end":{"line":164,"column":74}},"80":{"start":{"line":165,"column":19},"end":{"line":165,"column":66}},"81":{"start":{"line":168,"column":30},"end":{"line":176,"column":5}},"82":{"start":{"line":170,"column":26},"end":{"line":170,"column":102}},"83":{"start":{"line":171,"column":8},"end":{"line":174,"column":10}},"84":{"start":{"line":178,"column":4},"end":{"line":182,"column":7}},"85":{"start":{"line":184,"column":4},"end":{"line":184,"column":16}},"86":{"start":{"line":191,"column":20},"end":{"line":254,"column":1}},"87":{"start":{"line":192,"column":2},"end":{"line":253,"column":3}},"88":{"start":{"line":203,"column":8},"end":{"line":203,"column":16}},"89":{"start":{"line":205,"column":4},"end":{"line":210,"column":5}},"90":{"start":{"line":206,"column":6},"end":{"line":209,"column":9}},"91":{"start":{"line":213,"column":31},"end":{"line":215,"column":10}},"92":{"start":{"line":214,"column":27},"end":{"line":214,"column":48}},"93":{"start":{"line":217,"column":22},"end":{"line":229,"column":5}},"94":{"start":{"line":231,"column":18},"end":{"line":231,"column":47}},"95":{"start":{"line":234,"column":4},"end":{"line":234,"column":56}},"96":{"start":{"line":236,"column":4},"end":{"line":244,"column":7}},"97":{"start":{"line":246,"column":4},"end":{"line":250,"column":7}},"98":{"start":{"line":252,"column":4},"end":{"line":252,"column":16}},"99":{"start":{"line":259,"column":20},"end":{"line":317,"column":1}},"100":{"start":{"line":260,"column":2},"end":{"line":316,"column":3}},"101":{"start":{"line":271,"column":8},"end":{"line":271,"column":16}},"102":{"start":{"line":273,"column":27},"end":{"line":273,"column":29}},"103":{"start":{"line":274,"column":4},"end":{"line":274,"column":53}},"104":{"start":{"line":274,"column":14},"end":{"line":274,"column":53}},"105":{"start":{"line":275,"column":4},"end":{"line":275,"column":74}},"106":{"start":{"line":275,"column":21},"end":{"line":275,"column":74}},"107":{"start":{"line":276,"column":4},"end":{"line":276,"column":65}},"108":{"start":{"line":276,"column":18},"end":{"line":276,"column":65}},"109":{"start":{"line":277,"column":4},"end":{"line":277,"column":53}},"110":{"start":{"line":277,"column":14},"end":{"line":277,"column":53}},"111":{"start":{"line":278,"column":4},"end":{"line":278,"column":62}},"112":{"start":{"line":278,"column":17},"end":{"line":278,"column":62}},"113":{"start":{"line":279,"column":4},"end":{"line":279,"column":71}},"114":{"start":{"line":279,"column":24},"end":{"line":279,"column":71}},"115":{"start":{"line":280,"column":4},"end":{"line":280,"column":68}},"116":{"start":{"line":280,"column":37},"end":{"line":280,"column":68}},"117":{"start":{"line":281,"column":4},"end":{"line":281,"column":116}},"118":{"start":{"line":281,"column":47},"end":{"line":281,"column":116}},"119":{"start":{"line":281,"column":93},"end":{"line":281,"column":114}},"120":{"start":{"line":282,"column":4},"end":{"line":282,"column":47}},"121":{"start":{"line":282,"column":16},"end":{"line":282,"column":47}},"122":{"start":{"line":284,"column":25},"end":{"line":288,"column":5}},"123":{"start":{"line":291,"column":4},"end":{"line":293,"column":5}},"124":{"start":{"line":292,"column":6},"end":{"line":292,"column":81}},"125":{"start":{"line":295,"column":4},"end":{"line":295,"column":53}},"126":{"start":{"line":298,"column":4},"end":{"line":298,"column":62}},"127":{"start":{"line":300,"column":4},"end":{"line":307,"column":7}},"128":{"start":{"line":309,"column":4},"end":{"line":313,"column":7}},"129":{"start":{"line":315,"column":4},"end":{"line":315,"column":16}},"130":{"start":{"line":322,"column":20},"end":{"line":354,"column":1}},"131":{"start":{"line":323,"column":2},"end":{"line":353,"column":3}},"132":{"start":{"line":324,"column":18},"end":{"line":324,"column":66}},"133":{"start":{"line":327,"column":4},"end":{"line":327,"column":30}},"134":{"start":{"line":328,"column":4},"end":{"line":328,"column":23}},"135":{"start":{"line":331,"column":4},"end":{"line":331,"column":72}},"136":{"start":{"line":333,"column":4},"end":{"line":333,"column":46}},"137":{"start":{"line":336,"column":4},"end":{"line":336,"column":55}},"138":{"start":{"line":338,"column":4},"end":{"line":345,"column":7}},"139":{"start":{"line":347,"column":4},"end":{"line":350,"column":7}},"140":{"start":{"line":352,"column":4},"end":{"line":352,"column":16}},"141":{"start":{"line":356,"column":0},"end":{"line":364,"column":2}}},"fnMap":{"0":{"name":"(anonymous_0)","decl":{"start":{"line":8,"column":33},"end":{"line":8,"column":34}},"loc":{"start":{"line":8,"column":52},"end":{"line":16,"column":1}},"line":8},"1":{"name":"(anonymous_1)","decl":{"start":{"line":23,"column":18},"end":{"line":23,"column":19}},"loc":{"start":{"line":23,"column":44},"end":{"line":102,"column":1}},"line":23},"2":{"name":"(anonymous_2)","decl":{"start":{"line":37,"column":66},"end":{"line":37,"column":67}},"loc":{"start":{"line":37,"column":78},"end":{"line":91,"column":5}},"line":37},"3":{"name":"(anonymous_3)","decl":{"start":{"line":107,"column":21},"end":{"line":107,"column":22}},"loc":{"start":{"line":107,"column":47},"end":{"line":157,"column":1}},"line":107},"4":{"name":"(anonymous_4)","decl":{"start":{"line":135,"column":66},"end":{"line":135,"column":67}},"loc":{"start":{"line":135,"column":78},"end":{"line":141,"column":5}},"line":135},"5":{"name":"(anonymous_5)","decl":{"start":{"line":162,"column":25},"end":{"line":162,"column":26}},"loc":{"start":{"line":162,"column":51},"end":{"line":186,"column":1}},"line":162},"6":{"name":"(anonymous_6)","decl":{"start":{"line":169,"column":17},"end":{"line":169,"column":18}},"loc":{"start":{"line":169,"column":34},"end":{"line":175,"column":7}},"line":169},"7":{"name":"(anonymous_7)","decl":{"start":{"line":191,"column":20},"end":{"line":191,"column":21}},"loc":{"start":{"line":191,"column":46},"end":{"line":254,"column":1}},"line":191},"8":{"name":"(anonymous_8)","decl":{"start":{"line":214,"column":22},"end":{"line":214,"column":23}},"loc":{"start":{"line":214,"column":27},"end":{"line":214,"column":48}},"line":214},"9":{"name":"(anonymous_9)","decl":{"start":{"line":259,"column":20},"end":{"line":259,"column":21}},"loc":{"start":{"line":259,"column":46},"end":{"line":317,"column":1}},"line":259},"10":{"name":"(anonymous_10)","decl":{"start":{"line":281,"column":88},"end":{"line":281,"column":89}},"loc":{"start":{"line":281,"column":93},"end":{"line":281,"column":114}},"line":281},"11":{"name":"(anonymous_11)","decl":{"start":{"line":322,"column":20},"end":{"line":322,"column":21}},"loc":{"start":{"line":322,"column":46},"end":{"line":354,"column":1}},"line":322}},"branchMap":{"0":{"loc":{"start":{"line":11,"column":2},"end":{"line":13,"column":3}},"type":"if","locations":[{"start":{"line":11,"column":2},"end":{"line":13,"column":3}},{"start":{},"end":{}}],"line":11},"1":{"loc":{"start":{"line":39,"column":28},"end":{"line":39,"column":46}},"type":"binary-expr","locations":[{"start":{"line":39,"column":28},"end":{"line":39,"column":34}},{"start":{"line":39,"column":38},"end":{"line":39,"column":46}}],"line":39},"2":{"loc":{"start":{"line":42,"column":6},"end":{"line":45,"column":7}},"type":"if","locations":[{"start":{"line":42,"column":6},"end":{"line":45,"column":7}},{"start":{},"end":{}}],"line":42},"3":{"loc":{"start":{"line":42,"column":10},"end":{"line":42,"column":44}},"type":"binary-expr","locations":[{"start":{"line":42,"column":10},"end":{"line":42,"column":18}},{"start":{"line":42,"column":22},"end":{"line":42,"column":44}}],"line":42},"4":{"loc":{"start":{"line":48,"column":6},"end":{"line":58,"column":7}},"type":"if","locations":[{"start":{"line":48,"column":6},"end":{"line":58,"column":7}},{"start":{},"end":{}}],"line":48},"5":{"loc":{"start":{"line":48,"column":10},"end":{"line":48,"column":40}},"type":"binary-expr","locations":[{"start":{"line":48,"column":10},"end":{"line":48,"column":16}},{"start":{"line":48,"column":20},"end":{"line":48,"column":40}}],"line":48},"6":{"loc":{"start":{"line":61,"column":6},"end":{"line":65,"column":7}},"type":"if","locations":[{"start":{"line":61,"column":6},"end":{"line":65,"column":7}},{"start":{},"end":{}}],"line":61},"7":{"loc":{"start":{"line":61,"column":10},"end":{"line":61,"column":30}},"type":"binary-expr","locations":[{"start":{"line":61,"column":10},"end":{"line":61,"column":18}},{"start":{"line":61,"column":22},"end":{"line":61,"column":30}}],"line":61},"8":{"loc":{"start":{"line":63,"column":8},"end":{"line":63,"column":94}},"type":"if","locations":[{"start":{"line":63,"column":8},"end":{"line":63,"column":94}},{"start":{},"end":{}}],"line":63},"9":{"loc":{"start":{"line":63,"column":12},"end":{"line":63,"column":48}},"type":"binary-expr","locations":[{"start":{"line":63,"column":12},"end":{"line":63,"column":20}},{"start":{"line":63,"column":24},"end":{"line":63,"column":48}}],"line":63},"10":{"loc":{"start":{"line":64,"column":8},"end":{"line":64,"column":94}},"type":"if","locations":[{"start":{"line":64,"column":8},"end":{"line":64,"column":94}},{"start":{},"end":{}}],"line":64},"11":{"loc":{"start":{"line":64,"column":12},"end":{"line":64,"column":48}},"type":"binary-expr","locations":[{"start":{"line":64,"column":12},"end":{"line":64,"column":20}},{"start":{"line":64,"column":24},"end":{"line":64,"column":48}}],"line":64},"12":{"loc":{"start":{"line":68,"column":6},"end":{"line":70,"column":7}},"type":"if","locations":[{"start":{"line":68,"column":6},"end":{"line":70,"column":7}},{"start":{},"end":{}}],"line":68},"13":{"loc":{"start":{"line":68,"column":10},"end":{"line":68,"column":48}},"type":"binary-expr","locations":[{"start":{"line":68,"column":10},"end":{"line":68,"column":19}},{"start":{"line":68,"column":23},"end":{"line":68,"column":48}}],"line":68},"14":{"loc":{"start":{"line":74,"column":6},"end":{"line":85,"column":7}},"type":"if","locations":[{"start":{"line":74,"column":6},"end":{"line":85,"column":7}},{"start":{"line":76,"column":13},"end":{"line":85,"column":7}}],"line":74},"15":{"loc":{"start":{"line":76,"column":13},"end":{"line":85,"column":7}},"type":"if","locations":[{"start":{"line":76,"column":13},"end":{"line":85,"column":7}},{"start":{"line":78,"column":13},"end":{"line":85,"column":7}}],"line":76},"16":{"loc":{"start":{"line":78,"column":13},"end":{"line":85,"column":7}},"type":"if","locations":[{"start":{"line":78,"column":13},"end":{"line":85,"column":7}},{"start":{"line":80,"column":13},"end":{"line":85,"column":7}}],"line":78},"17":{"loc":{"start":{"line":80,"column":13},"end":{"line":85,"column":7}},"type":"if","locations":[{"start":{"line":80,"column":13},"end":{"line":85,"column":7}},{"start":{"line":82,"column":13},"end":{"line":85,"column":7}}],"line":80},"18":{"loc":{"start":{"line":113,"column":4},"end":{"line":122,"column":5}},"type":"if","locations":[{"start":{"line":113,"column":4},"end":{"line":122,"column":5}},{"start":{},"end":{}}],"line":113},"19":{"loc":{"start":{"line":114,"column":6},"end":{"line":121,"column":7}},"type":"if","locations":[{"start":{"line":114,"column":6},"end":{"line":121,"column":7}},{"start":{"line":116,"column":13},"end":{"line":121,"column":7}}],"line":114},"20":{"loc":{"start":{"line":118,"column":8},"end":{"line":120,"column":9}},"type":"if","locations":[{"start":{"line":118,"column":8},"end":{"line":120,"column":9}},{"start":{},"end":{}}],"line":118},"21":{"loc":{"start":{"line":118,"column":12},"end":{"line":118,"column":77}},"type":"binary-expr","locations":[{"start":{"line":118,"column":12},"end":{"line":118,"column":20}},{"start":{"line":118,"column":24},"end":{"line":118,"column":77}}],"line":118},"22":{"loc":{"start":{"line":124,"column":4},"end":{"line":131,"column":5}},"type":"if","locations":[{"start":{"line":124,"column":4},"end":{"line":131,"column":5}},{"start":{},"end":{}}],"line":124},"23":{"loc":{"start":{"line":126,"column":6},"end":{"line":128,"column":7}},"type":"if","locations":[{"start":{"line":126,"column":6},"end":{"line":128,"column":7}},{"start":{},"end":{}}],"line":126},"24":{"loc":{"start":{"line":137,"column":6},"end":{"line":137,"column":30}},"type":"if","locations":[{"start":{"line":137,"column":6},"end":{"line":137,"column":30}},{"start":{},"end":{}}],"line":137},"25":{"loc":{"start":{"line":143,"column":4},"end":{"line":148,"column":5}},"type":"if","locations":[{"start":{"line":143,"column":4},"end":{"line":148,"column":5}},{"start":{},"end":{}}],"line":143},"26":{"loc":{"start":{"line":164,"column":18},"end":{"line":164,"column":74}},"type":"cond-expr","locations":[{"start":{"line":164,"column":46},"end":{"line":164,"column":48}},{"start":{"line":164,"column":51},"end":{"line":164,"column":74}}],"line":164},"27":{"loc":{"start":{"line":205,"column":4},"end":{"line":210,"column":5}},"type":"if","locations":[{"start":{"line":205,"column":4},"end":{"line":210,"column":5}},{"start":{},"end":{}}],"line":205},"28":{"loc":{"start":{"line":205,"column":8},"end":{"line":205,"column":51}},"type":"binary-expr","locations":[{"start":{"line":205,"column":8},"end":{"line":205,"column":13}},{"start":{"line":205,"column":17},"end":{"line":205,"column":29}},{"start":{"line":205,"column":33},"end":{"line":205,"column":42}},{"start":{"line":205,"column":46},"end":{"line":205,"column":51}}],"line":205},"29":{"loc":{"start":{"line":213,"column":31},"end":{"line":215,"column":10}},"type":"cond-expr","locations":[{"start":{"line":214,"column":8},"end":{"line":214,"column":49}},{"start":{"line":215,"column":8},"end":{"line":215,"column":10}}],"line":213},"30":{"loc":{"start":{"line":222,"column":15},"end":{"line":222,"column":54}},"type":"cond-expr","locations":[{"start":{"line":222,"column":25},"end":{"line":222,"column":44}},{"start":{"line":222,"column":47},"end":{"line":222,"column":54}}],"line":222},"31":{"loc":{"start":{"line":223,"column":22},"end":{"line":223,"column":126}},"type":"binary-expr","locations":[{"start":{"line":223,"column":22},"end":{"line":223,"column":36}},{"start":{"line":223,"column":40},"end":{"line":223,"column":126}}],"line":223},"32":{"loc":{"start":{"line":223,"column":92},"end":{"line":223,"column":124}},"type":"cond-expr","locations":[{"start":{"line":223,"column":102},"end":{"line":223,"column":114}},{"start":{"line":223,"column":117},"end":{"line":223,"column":124}}],"line":223},"33":{"loc":{"start":{"line":224,"column":14},"end":{"line":224,"column":150}},"type":"cond-expr","locations":[{"start":{"line":224,"column":44},"end":{"line":224,"column":50}},{"start":{"line":224,"column":53},"end":{"line":224,"column":150}}],"line":224},"34":{"loc":{"start":{"line":224,"column":14},"end":{"line":224,"column":41}},"type":"binary-expr","locations":[{"start":{"line":224,"column":14},"end":{"line":224,"column":20}},{"start":{"line":224,"column":24},"end":{"line":224,"column":41}}],"line":224},"35":{"loc":{"start":{"line":227,"column":14},"end":{"line":227,"column":32}},"type":"binary-expr","locations":[{"start":{"line":227,"column":14},"end":{"line":227,"column":20}},{"start":{"line":227,"column":24},"end":{"line":227,"column":32}}],"line":227},"36":{"loc":{"start":{"line":274,"column":4},"end":{"line":274,"column":53}},"type":"if","locations":[{"start":{"line":274,"column":4},"end":{"line":274,"column":53}},{"start":{},"end":{}}],"line":274},"37":{"loc":{"start":{"line":275,"column":4},"end":{"line":275,"column":74}},"type":"if","locations":[{"start":{"line":275,"column":4},"end":{"line":275,"column":74}},{"start":{},"end":{}}],"line":275},"38":{"loc":{"start":{"line":276,"column":4},"end":{"line":276,"column":65}},"type":"if","locations":[{"start":{"line":276,"column":4},"end":{"line":276,"column":65}},{"start":{},"end":{}}],"line":276},"39":{"loc":{"start":{"line":277,"column":4},"end":{"line":277,"column":53}},"type":"if","locations":[{"start":{"line":277,"column":4},"end":{"line":277,"column":53}},{"start":{},"end":{}}],"line":277},"40":{"loc":{"start":{"line":278,"column":4},"end":{"line":278,"column":62}},"type":"if","locations":[{"start":{"line":278,"column":4},"end":{"line":278,"column":62}},{"start":{},"end":{}}],"line":278},"41":{"loc":{"start":{"line":279,"column":4},"end":{"line":279,"column":71}},"type":"if","locations":[{"start":{"line":279,"column":4},"end":{"line":279,"column":71}},{"start":{},"end":{}}],"line":279},"42":{"loc":{"start":{"line":280,"column":4},"end":{"line":280,"column":68}},"type":"if","locations":[{"start":{"line":280,"column":4},"end":{"line":280,"column":68}},{"start":{},"end":{}}],"line":280},"43":{"loc":{"start":{"line":280,"column":8},"end":{"line":280,"column":35}},"type":"binary-expr","locations":[{"start":{"line":280,"column":8},"end":{"line":280,"column":14}},{"start":{"line":280,"column":18},"end":{"line":280,"column":35}}],"line":280},"44":{"loc":{"start":{"line":281,"column":4},"end":{"line":281,"column":116}},"type":"if","locations":[{"start":{"line":281,"column":4},"end":{"line":281,"column":116}},{"start":{},"end":{}}],"line":281},"45":{"loc":{"start":{"line":281,"column":8},"end":{"line":281,"column":45}},"type":"binary-expr","locations":[{"start":{"line":281,"column":8},"end":{"line":281,"column":17}},{"start":{"line":281,"column":21},"end":{"line":281,"column":45}}],"line":281},"46":{"loc":{"start":{"line":282,"column":4},"end":{"line":282,"column":47}},"type":"if","locations":[{"start":{"line":282,"column":4},"end":{"line":282,"column":47}},{"start":{},"end":{}}],"line":282},"47":{"loc":{"start":{"line":291,"column":4},"end":{"line":293,"column":5}},"type":"if","locations":[{"start":{"line":291,"column":4},"end":{"line":293,"column":5}},{"start":{},"end":{}}],"line":291},"48":{"loc":{"start":{"line":324,"column":18},"end":{"line":324,"column":66}},"type":"binary-expr","locations":[{"start":{"line":324,"column":18},"end":{"line":324,"column":27}},{"start":{"line":324,"column":31},"end":{"line":324,"column":66}}],"line":324}},"s":{"0":9,"1":9,"2":9,"3":9,"4":9,"5":9,"6":3,"7":3,"8":3,"9":2,"10":3,"11":3,"12":9,"13":2,"14":2,"15":2,"16":2,"17":1,"18":1,"19":0,"20":0,"21":1,"22":0,"23":0,"24":0,"25":0,"26":1,"27":1,"28":1,"29":1,"30":1,"31":1,"32":1,"33":0,"34":1,"35":1,"36":0,"37":1,"38":0,"39":1,"40":0,"41":1,"42":0,"43":1,"44":1,"45":1,"46":1,"47":1,"48":2,"49":0,"50":9,"51":8,"52":8,"53":8,"54":8,"55":0,"56":0,"57":0,"58":0,"59":0,"60":8,"61":0,"62":0,"63":0,"64":0,"65":0,"66":8,"67":8,"68":7,"69":7,"70":0,"71":7,"72":7,"73":8,"74":0,"75":8,"76":0,"77":9,"78":0,"79":0,"80":0,"81":0,"82":0,"83":0,"84":0,"85":0,"86":9,"87":1,"88":1,"89":1,"90":0,"91":1,"92":3,"93":1,"94":1,"95":1,"96":1,"97":1,"98":0,"99":9,"100":1,"101":1,"102":1,"103":1,"104":1,"105":1,"106":0,"107":1,"108":0,"109":1,"110":0,"111":1,"112":0,"113":1,"114":0,"115":1,"116":0,"117":1,"118":0,"119":0,"120":1,"121":0,"122":1,"123":1,"124":0,"125":1,"126":1,"127":1,"128":1,"129":0,"130":9,"131":1,"132":1,"133":1,"134":1,"135":1,"136":1,"137":1,"138":1,"139":1,"140":0,"141":9},"f":{"0":3,"1":2,"2":1,"3":8,"4":7,"5":0,"6":0,"7":1,"8":3,"9":1,"10":0,"11":1},"b":{"0":[2,1],"1":[1,1],"2":[0,1],"3":[1,0],"4":[0,1],"5":[1,0],"6":[1,0],"7":[1,0],"8":[1,0],"9":[1,1],"10":[1,0],"11":[1,1],"12":[0,1],"13":[1,0],"14":[0,1],"15":[0,1],"16":[0,1],"17":[0,1],"18":[0,8],"19":[0,0],"20":[0,0],"21":[0,0],"22":[0,8],"23":[0,0],"24":[0,7],"25":[0,8],"26":[0,0],"27":[0,1],"28":[1,1,1,1],"29":[1,0],"30":[0,1],"31":[1,1],"32":[0,1],"33":[0,1],"34":[1,0],"35":[1,1],"36":[1,0],"37":[0,1],"38":[0,1],"39":[0,1],"40":[0,1],"41":[0,1],"42":[0,1],"43":[1,0],"44":[0,1],"45":[1,0],"46":[0,1],"47":[0,1],"48":[1,0]},"_coverageSchema":"1a1c01bbd47fc00a2c39e90264f33305004495a9","hash":"ce7d0a42dc5ef63ba186e0d4c19004b9bc3bca1b"}
,"C:\\Users\\shari\\OneDrive\\Desktop\\Nestly\\server\\controllers\\notificationController.js": {"path":"C:\\Users\\shari\\OneDrive\\Desktop\\Nestly\\server\\controllers\\notificationController.js","statementMap":{"0":{"start":{"line":1,"column":21},"end":{"line":1,"column":54}},"1":{"start":{"line":2,"column":13},"end":{"line":2,"column":38}},"2":{"start":{"line":7,"column":25},"end":{"line":33,"column":1}},"3":{"start":{"line":8,"column":2},"end":{"line":32,"column":3}},"4":{"start":{"line":9,"column":17},"end":{"line":9,"column":44}},"5":{"start":{"line":10,"column":18},"end":{"line":10,"column":47}},"6":{"start":{"line":11,"column":17},"end":{"line":11,"column":35}},"7":{"start":{"line":13,"column":26},"end":{"line":16,"column":19}},"8":{"start":{"line":18,"column":18},"end":{"line":18,"column":75}},"9":{"start":{"line":19,"column":24},"end":{"line":19,"column":96}},"10":{"start":{"line":21,"column":4},"end":{"line":29,"column":7}},"11":{"start":{"line":31,"column":4},"end":{"line":31,"column":16}},"12":{"start":{"line":38,"column":23},"end":{"line":52,"column":1}},"13":{"start":{"line":39,"column":2},"end":{"line":51,"column":3}},"14":{"start":{"line":40,"column":24},"end":{"line":43,"column":6}},"15":{"start":{"line":45,"column":4},"end":{"line":48,"column":7}},"16":{"start":{"line":50,"column":4},"end":{"line":50,"column":16}},"17":{"start":{"line":57,"column":19},"end":{"line":88,"column":1}},"18":{"start":{"line":58,"column":2},"end":{"line":87,"column":3}},"19":{"start":{"line":59,"column":25},"end":{"line":59,"column":67}},"20":{"start":{"line":61,"column":4},"end":{"line":66,"column":5}},"21":{"start":{"line":62,"column":6},"end":{"line":65,"column":9}},"22":{"start":{"line":69,"column":4},"end":{"line":74,"column":5}},"23":{"start":{"line":70,"column":6},"end":{"line":73,"column":9}},"24":{"start":{"line":76,"column":4},"end":{"line":76,"column":31}},"25":{"start":{"line":77,"column":4},"end":{"line":77,"column":37}},"26":{"start":{"line":78,"column":4},"end":{"line":78,"column":30}},"27":{"start":{"line":80,"column":4},"end":{"line":84,"column":7}},"28":{"start":{"line":86,"column":4},"end":{"line":86,"column":16}},"29":{"start":{"line":93,"column":22},"end":{"line":107,"column":1}},"30":{"start":{"line":94,"column":2},"end":{"line":106,"column":3}},"31":{"start":{"line":95,"column":4},"end":{"line":98,"column":6}},"32":{"start":{"line":100,"column":4},"end":{"line":103,"column":7}},"33":{"start":{"line":105,"column":4},"end":{"line":105,"column":16}},"34":{"start":{"line":112,"column":27},"end":{"line":140,"column":1}},"35":{"start":{"line":113,"column":2},"end":{"line":139,"column":3}},"36":{"start":{"line":114,"column":25},"end":{"line":114,"column":67}},"37":{"start":{"line":116,"column":4},"end":{"line":121,"column":5}},"38":{"start":{"line":117,"column":6},"end":{"line":120,"column":9}},"39":{"start":{"line":124,"column":4},"end":{"line":129,"column":5}},"40":{"start":{"line":125,"column":6},"end":{"line":128,"column":9}},"41":{"start":{"line":131,"column":4},"end":{"line":131,"column":35}},"42":{"start":{"line":133,"column":4},"end":{"line":136,"column":7}},"43":{"start":{"line":138,"column":4},"end":{"line":138,"column":16}},"44":{"start":{"line":145,"column":23},"end":{"line":155,"column":1}},"45":{"start":{"line":146,"column":2},"end":{"line":154,"column":3}},"46":{"start":{"line":147,"column":17},"end":{"line":147,"column":50}},"47":{"start":{"line":148,"column":4},"end":{"line":151,"column":7}},"48":{"start":{"line":153,"column":4},"end":{"line":153,"column":16}},"49":{"start":{"line":160,"column":26},"end":{"line":177,"column":1}},"50":{"start":{"line":161,"column":2},"end":{"line":176,"column":3}},"51":{"start":{"line":162,"column":17},"end":{"line":162,"column":50}},"52":{"start":{"line":163,"column":4},"end":{"line":166,"column":6}},"53":{"start":{"line":167,"column":4},"end":{"line":167,"column":22}},"54":{"start":{"line":169,"column":4},"end":{"line":173,"column":7}},"55":{"start":{"line":175,"column":4},"end":{"line":175,"column":16}},"56":{"start":{"line":179,"column":0},"end":{"line":187,"column":2}}},"fnMap":{"0":{"name":"(anonymous_0)","decl":{"start":{"line":7,"column":25},"end":{"line":7,"column":26}},"loc":{"start":{"line":7,"column":51},"end":{"line":33,"column":1}},"line":7},"1":{"name":"(anonymous_1)","decl":{"start":{"line":38,"column":23},"end":{"line":38,"column":24}},"loc":{"start":{"line":38,"column":49},"end":{"line":52,"column":1}},"line":38},"2":{"name":"(anonymous_2)","decl":{"start":{"line":57,"column":19},"end":{"line":57,"column":20}},"loc":{"start":{"line":57,"column":45},"end":{"line":88,"column":1}},"line":57},"3":{"name":"(anonymous_3)","decl":{"start":{"line":93,"column":22},"end":{"line":93,"column":23}},"loc":{"start":{"line":93,"column":48},"end":{"line":107,"column":1}},"line":93},"4":{"name":"(anonymous_4)","decl":{"start":{"line":112,"column":27},"end":{"line":112,"column":28}},"loc":{"start":{"line":112,"column":53},"end":{"line":140,"column":1}},"line":112},"5":{"name":"(anonymous_5)","decl":{"start":{"line":145,"column":23},"end":{"line":145,"column":24}},"loc":{"start":{"line":145,"column":49},"end":{"line":155,"column":1}},"line":145},"6":{"name":"(anonymous_6)","decl":{"start":{"line":160,"column":26},"end":{"line":160,"column":27}},"loc":{"start":{"line":160,"column":52},"end":{"line":177,"column":1}},"line":160}},"branchMap":{"0":{"loc":{"start":{"line":9,"column":17},"end":{"line":9,"column":44}},"type":"binary-expr","locations":[{"start":{"line":9,"column":17},"end":{"line":9,"column":39}},{"start":{"line":9,"column":43},"end":{"line":9,"column":44}}],"line":9},"1":{"loc":{"start":{"line":10,"column":18},"end":{"line":10,"column":47}},"type":"binary-expr","locations":[{"start":{"line":10,"column":18},"end":{"line":10,"column":41}},{"start":{"line":10,"column":45},"end":{"line":10,"column":47}}],"line":10},"2":{"loc":{"start":{"line":27,"column":13},"end":{"line":27,"column":42}},"type":"binary-expr","locations":[{"start":{"line":27,"column":13},"end":{"line":27,"column":37}},{"start":{"line":27,"column":41},"end":{"line":27,"column":42}}],"line":27},"3":{"loc":{"start":{"line":61,"column":4},"end":{"line":66,"column":5}},"type":"if","locations":[{"start":{"line":61,"column":4},"end":{"line":66,"column":5}},{"start":{},"end":{}}],"line":61},"4":{"loc":{"start":{"line":69,"column":4},"end":{"line":74,"column":5}},"type":"if","locations":[{"start":{"line":69,"column":4},"end":{"line":74,"column":5}},{"start":{},"end":{}}],"line":69},"5":{"loc":{"start":{"line":116,"column":4},"end":{"line":121,"column":5}},"type":"if","locations":[{"start":{"line":116,"column":4},"end":{"line":121,"column":5}},{"start":{},"end":{}}],"line":116},"6":{"loc":{"start":{"line":124,"column":4},"end":{"line":129,"column":5}},"type":"if","locations":[{"start":{"line":124,"column":4},"end":{"line":129,"column":5}},{"start":{},"end":{}}],"line":124},"7":{"loc":{"start":{"line":150,"column":12},"end":{"line":150,"column":46}},"type":"binary-expr","locations":[{"start":{"line":150,"column":12},"end":{"line":150,"column":40}},{"start":{"line":150,"column":44},"end":{"line":150,"column":46}}],"line":150}},"s":{"0":9,"1":9,"2":9,"3":2,"4":2,"5":2,"6":2,"7":2,"8":2,"9":2,"10":2,"11":0,"12":9,"13":1,"14":1,"15":1,"16":0,"17":9,"18":2,"19":2,"20":2,"21":0,"22":2,"23":1,"24":1,"25":1,"26":1,"27":1,"28":0,"29":9,"30":0,"31":0,"32":0,"33":0,"34":9,"35":0,"36":0,"37":0,"38":0,"39":0,"40":0,"41":0,"42":0,"43":0,"44":9,"45":0,"46":0,"47":0,"48":0,"49":9,"50":0,"51":0,"52":0,"53":0,"54":0,"55":0,"56":9},"f":{"0":2,"1":1,"2":2,"3":0,"4":0,"5":0,"6":0},"b":{"0":[2,2],"1":[2,2],"2":[2,0],"3":[0,2],"4":[1,1],"5":[0,0],"6":[0,0],"7":[0,0]},"_coverageSchema":"1a1c01bbd47fc00a2c39e90264f33305004495a9","hash":"2dce13dd627a6f0d9b312b53ecf157e7f066e860"}
,"C:\\Users\\shari\\OneDrive\\Desktop\\Nestly\\server\\controllers\\paymentController.js": {"path":"C:\\Users\\shari\\OneDrive\\Desktop\\Nestly\\server\\controllers\\paymentController.js","statementMap":{"0":{"start":{"line":1,"column":16},"end":{"line":1,"column":44}},"1":{"start":{"line":2,"column":14},"end":{"line":2,"column":40}},"2":{"start":{"line":3,"column":16},"end":{"line":3,"column":44}},"3":{"start":{"line":4,"column":23},"end":{"line":4,"column":60}},"4":{"start":{"line":5,"column":25},"end":{"line":5,"column":74}},"5":{"start":{"line":10,"column":27},"end":{"line":30,"column":1}},"6":{"start":{"line":11,"column":2},"end":{"line":29,"column":3}},"7":{"start":{"line":12,"column":26},"end":{"line":12,"column":34}},"8":{"start":{"line":13,"column":4},"end":{"line":18,"column":5}},"9":{"start":{"line":14,"column":6},"end":{"line":17,"column":9}},"10":{"start":{"line":20,"column":25},"end":{"line":20,"column":99}},"11":{"start":{"line":22,"column":4},"end":{"line":26,"column":7}},"12":{"start":{"line":28,"column":4},"end":{"line":28,"column":16}},"13":{"start":{"line":35,"column":22},"end":{"line":63,"column":1}},"14":{"start":{"line":36,"column":2},"end":{"line":62,"column":3}},"15":{"start":{"line":42,"column":8},"end":{"line":42,"column":16}},"16":{"start":{"line":44,"column":4},"end":{"line":49,"column":5}},"17":{"start":{"line":45,"column":6},"end":{"line":48,"column":9}},"18":{"start":{"line":51,"column":19},"end":{"line":57,"column":5}},"19":{"start":{"line":59,"column":4},"end":{"line":59,"column":33}},"20":{"start":{"line":61,"column":4},"end":{"line":61,"column":16}},"21":{"start":{"line":68,"column":22},"end":{"line":90,"column":1}},"22":{"start":{"line":69,"column":2},"end":{"line":89,"column":3}},"23":{"start":{"line":70,"column":22},"end":{"line":70,"column":57}},"24":{"start":{"line":71,"column":20},"end":{"line":71,"column":59}},"25":{"start":{"line":73,"column":27},"end":{"line":73,"column":86}},"26":{"start":{"line":74,"column":4},"end":{"line":79,"column":5}},"27":{"start":{"line":75,"column":6},"end":{"line":78,"column":9}},"28":{"start":{"line":81,"column":19},"end":{"line":81,"column":69}},"29":{"start":{"line":83,"column":4},"end":{"line":86,"column":7}},"30":{"start":{"line":88,"column":4},"end":{"line":88,"column":16}},"31":{"start":{"line":95,"column":22},"end":{"line":109,"column":1}},"32":{"start":{"line":96,"column":2},"end":{"line":108,"column":3}},"33":{"start":{"line":97,"column":21},"end":{"line":99,"column":30}},"34":{"start":{"line":101,"column":4},"end":{"line":105,"column":7}},"35":{"start":{"line":107,"column":4},"end":{"line":107,"column":16}},"36":{"start":{"line":114,"column":23},"end":{"line":144,"column":1}},"37":{"start":{"line":115,"column":2},"end":{"line":143,"column":3}},"38":{"start":{"line":116,"column":20},"end":{"line":118,"column":26}},"39":{"start":{"line":120,"column":4},"end":{"line":125,"column":5}},"40":{"start":{"line":121,"column":6},"end":{"line":124,"column":9}},"41":{"start":{"line":127,"column":23},"end":{"line":127,"column":78}},"42":{"start":{"line":128,"column":20},"end":{"line":128,"column":45}},"43":{"start":{"line":130,"column":4},"end":{"line":135,"column":5}},"44":{"start":{"line":131,"column":6},"end":{"line":134,"column":9}},"45":{"start":{"line":137,"column":4},"end":{"line":140,"column":7}},"46":{"start":{"line":142,"column":4},"end":{"line":142,"column":16}},"47":{"start":{"line":149,"column":27},"end":{"line":170,"column":1}},"48":{"start":{"line":150,"column":2},"end":{"line":169,"column":3}},"49":{"start":{"line":151,"column":26},"end":{"line":151,"column":81}},"50":{"start":{"line":152,"column":21},"end":{"line":152,"column":50}},"51":{"start":{"line":152,"column":44},"end":{"line":152,"column":49}},"52":{"start":{"line":154,
[...]
:144,"column":4},"end":{"line":148,"column":5}},"type":"if","locations":[{"start":{"line":144,"column":4},"end":{"line":148,"column":5}},{"start":{},"end":{}}],"line":144},"28":{"loc":{"start":{"line":144,"column":8},"end":{"line":144,"column":64}},"type":"binary-expr","locations":[{"start":{"line":144,"column":8},"end":{"line":144,"column":16}},{"start":{"line":144,"column":20},"end":{"line":144,"column":64}}],"line":144},"29":{"loc":{"start":{"line":163,"column":41},"end":{"line":163,"column":49}},"type":"default-arg","locations":[{"start":{"line":163,"column":48},"end":{"line":163,"column":49}}],"line":163},"30":{"loc":{"start":{"line":163,"column":51},"end":{"line":163,"column":61}},"type":"default-arg","locations":[{"start":{"line":163,"column":59},"end":{"line":163,"column":61}}],"line":163},"31":{"loc":{"start":{"line":163,"column":63},"end":{"line":163,"column":78}},"type":"default-arg","locations":[{"start":{"line":163,"column":70},"end":{"line":163,"column":78}}],"line":163},"32":{"loc":{"start":{"line":171,"column":6},"end":{"line":171,"column":74}},"type":"if","locations":[{"start":{"line":171,"column":6},"end":{"line":171,"column":74}},{"start":{},"end":{}}],"line":171},"33":{"loc":{"start":{"line":172,"column":6},"end":{"line":172,"column":72}},"type":"if","locations":[{"start":{"line":172,"column":6},"end":{"line":172,"column":72}},{"start":{},"end":{}}],"line":172},"34":{"loc":{"start":{"line":219,"column":4},"end":{"line":223,"column":5}},"type":"if","locations":[{"start":{"line":219,"column":4},"end":{"line":223,"column":5}},{"start":{},"end":{}}],"line":219},"35":{"loc":{"start":{"line":225,"column":4},"end":{"line":229,"column":5}},"type":"if","locations":[{"start":{"line":225,"column":4},"end":{"line":229,"column":5}},{"start":{},"end":{}}],"line":225},"36":{"loc":{"start":{"line":240,"column":45},"end":{"line":240,"column":77}},"type":"binary-expr","locations":[{"start":{"line":240,"column":45},"end":{"line":240,"column":61}},{"start":{"line":240,"column":65},"end":{"line":240,"column":77}}],"line":240},"37":{"loc":{"start":{"line":254,"column":49},"end":{"line":254,"column":65}},"type":"default-arg","locations":[{"start":{"line":254,"column":63},"end":{"line":254,"column":65}}],"line":254},"38":{"loc":{"start":{"line":256,"column":4},"end":{"line":260,"column":5}},"type":"if","locations":[{"start":{"line":256,"column":4},"end":{"line":260,"column":5}},{"start":{},"end":{}}],"line":256},"39":{"loc":{"start":{"line":276,"column":26},"end":{"line":276,"column":49}},"type":"binary-expr","locations":[{"start":{"line":276,"column":26},"end":{"line":276,"column":44}},{"start":{"line":276,"column":48},"end":{"line":276,"column":49}}],"line":276},"40":{"loc":{"start":{"line":277,"column":4},"end":{"line":279,"column":5}},"type":"if","locations":[{"start":{"line":277,"column":4},"end":{"line":279,"column":5}},{"start":{},"end":{}}],"line":277},"41":{"loc":{"start":{"line":316,"column":4},"end":{"line":320,"column":5}},"type":"if","locations":[{"start":{"line":316,"column":4},"end":{"line":320,"column":5}},{"start":{},"end":{}}],"line":316},"42":{"loc":{"start":{"line":322,"column":4},"end":{"line":337,"column":5}},"type":"if","locations":[{"start":{"line":322,"column":4},"end":{"line":337,"column":5}},{"start":{"line":330,"column":11},"end":{"line":337,"column":5}}],"line":322},"43":{"loc":{"start":{"line":324,"column":6},"end":{"line":329,"column":7}},"type":"if","locations":[{"start":{"line":324,"column":6},"end":{"line":329,"column":7}},{"start":{},"end":{}}],"line":324},"44":{"loc":{"start":{"line":332,"column":6},"end":{"line":336,"column":7}},"type":"if","locations":[{"start":{"line":332,"column":6},"end":{"line":336,"column":7}},{"start":{},"end":{}}],"line":332},"45":{"loc":{"start":{"line":332,"column":10},"end":{"line":332,"column":62}},"type":"binary-expr","locations":[{"start":{"line":332,"column":10},"end":{"line":332,"column":23}},{"start":{"line":332,"column":27},"end":{"line":332,"column":62}}],"line":332},"46":{"loc":{"start":{"line":358,"column":4},"end":{"line":362,"column":5}},"type":"if","locations":[{"start":{"line":358,"column":4},"end":{"line":362,"column":5}},{"start":{},"end":{}}],"line":358}},"s":{"0":9,"1":9,"2":9,"3":9,"4":9,"5":9,"6":9,"7":9,"8":9,"9":9,"10":6,"11":6,"12":2,"13":2,"14":2,"15":4,"16":4,"17":4,"18":16,"19":4,"20":4,"21":4,"22":4,"23":4,"24":4,"25":4,"26":4,"27":4,"28":4,"29":4,"30":0,"31":0,"32":0,"33":0,"34":0,"35":0,"36":0,"37":0,"38":0,"39":0,"40":0,"41":0,"42":0,"43":0,"44":0,"45":0,"46":0,"47":0,"48":0,"49":0,"50":0,"51":0,"52":0,"53":0,"54":0,"55":0,"56":0,"57":0,"58":0,"59":0,"60":0,"61":0,"62":0,"63":0,"64":0,"65":0,"66":0,"67":0,"68":0,"69":0,"70":0,"71":0,"72":2,"73":2,"74":2,"75":2,"76":2,"77":2,"78":0,"79":2,"80":0,"81":2,"82":2,"83":2,"84":0,"85":0,"86":0,"87":0,"88":0,"89":0,"90":0,"91":1,"92":1,"93":0,"94":0,"95":0,"96":1,"97":0,"98":0,"99":0,"100":1,"101":1,"102":1,"103":1,"104":1,"105":1,"106":1,"107":0,"108":0,"109":0,"110":1,"111":1,"112":1,"113":1,"114":1,"115":1,"116":1,"117":1,"118":0,"119":0,"120":1,"121":1,"122":0,"123":0,"124":0,"125":1,"126":1,"127":1,"128":1,"129":1,"130":1,"131":1,"132":0,"133":0,"134":0,"135":0,"136":0,"137":1,"138":1,"139":1,"140":1,"141":1,"142":1,"143":1,"144":0,"145":0,"146":0,"147":1,"148":1,"149":1,"150":1,"151":1,"152":1,"153":9},"f":{"0":6,"1":16,"2":0,"3":0,"4":0,"5":2,"6":2,"7":0,"8":0,"9":0,"10":1,"11":1,"12":0,"13":1,"14":1},"b":{"0":[0],"1":[2,4],"2":[1,1],"3":[1,0],"4":[0,0],"5":[4,12],"6":[16,4,4],"7":[4,0],"8":[4,0],"9":[4,0],"10":[4,0],"11":[4,0],"12":[4,0],"13":[4,0],"14":[4,4],"15":[0],"16":[0,0],"17":[0,0],"18":[0,0],"19":[0,0],"20":[0,0],"21":[0,0,0],"22":[0,0],"23":[0,0],"24":[0,0],"25":[0],"26":[0,0],"27":[0,0],"28":[0,0],"29":[0],"30":[0],"31":[0],"32":[0,2],"33":[0,2],"34":[0,1],"35":[0,1],"36":[1,0],"37":[0],"38":[0,1],"39":[1,1],"40":[1,0],"41":[0,1],"42":[1,0],"43":[1,0],"44":[0,0],"45":[0,0],"46":[0,1]},"_coverageSchema":"1a1c01bbd47fc00a2c39e90264f33305004495a9","hash":"a1eb06b814a45a52d49a5f16ed7bc8a9e882bd17"}
,"C:\\Users\\shari\\OneDrive\\Desktop\\Nestly\\server\\services\\providers\\razorpayProvider.js": {"path":"C:\\Users\\shari\\OneDrive\\Desktop\\Nestly\\server\\services\\providers\\razorpayProvider.js","statementMap":{"0":{"start":{"line":1,"column":15},"end":{"line":1,"column":32}},"1":{"start":{"line":2,"column":17},"end":{"line":2,"column":36}},"2":{"start":{"line":4,"column":14},"end":{"line":4,"column":41}},"3":{"start":{"line":5,"column":18},"end":{"line":5,"column":49}},"4":{"start":{"line":6,"column":22},"end":{"line":6,"column":93}},"5":{"start":{"line":8,"column":23},"end":{"line":8,"column":27}},"6":{"start":{"line":9,"column":0},"end":{"line":14,"column":1}},"7":{"start":{"line":10,"column":2},"end":{"line":13,"column":5}},"8":{"start":{"line":16,"column":25},"end":{"line":99,"column":1}},"9":{"start":{"line":19,"column":4},"end":{"line":34,"column":5}},"10":{"start":{"line":20,"column":20},"end":{"line":27,"column":8}},"11":{"start":{"line":28,"column":6},"end":{"line":33,"column":8}},"12":{"start":{"line":37,"column":24},"end":{"line":37,"column":72}},"13":{"start":{"line":38,"column":4},"end":{"line":44,"column":6}},"14":{"start":{"line":49,"column":4},"end":{"line":51,"column":5}},"15":{"start":{"line":50,"column":6},"end":{"line":50,"column":19}},"16":{"start":{"line":53,"column":19},"end":{"line":53,"column":58}},"17":{"start":{"line":56,"column":30},"end":{"line":59,"column":20}},"18":{"start":{"line":61,"column":24},"end":{"line":61,"column":54}},"19":{"start":{"line":62,"column":25},"end":{"line":62,"column":47}},"20":{"start":{"line":64,"column":4},"end":{"line":66,"column":5}},"21":{"start":{"line":65,"column":6},"end":{"line":65,"column":18}},"22":{"start":{"line":69,"column":28},"end":{"line":69,"column":62}},"23":{"start":{"line":70,"column":4},"end":{"line":72,"column":5}},"24":{"start":{"line":71,"column":6},"end":{"line":71,"column":18}},"25":{"start":{"line":74,"column":4},"end":{"line":74,"column":17}},"26":{"start":{"line":79,"column":4},"end":{"line":79,"column":39}},"27":{"start":{"line":79,"column":26},"end":{"line":79,"column":39}},"28":{"start":{"line":81,"column":30},"end":{"line":84,"column":20}},"29":{"start":{"line":86,"column":24},"end":{"line":86,"column":54}},"30":{"start":{"line":87,"column":25},"end":{"line":87,"column":53}},"31":{"start":{"line":89,"column":4},"end":{"line":91,"column":5}},"32":{"start":{"line":90,"column":6},"end":{"line":90,"column":18}},"33":{"start":{"line":93,"column":4},"end":{"line":93,"column":17}},"34":{"start":{"line":97,"column":4},"end":{"line":97,"column":46}},"35":{"start":{"line":101,"column":0},"end":{"line":101,"column":34}}},"fnMap":{"0":{"name":"(anonymous_0)","decl":{"start":{"line":18,"column":15},"end":{"line":18,"column":16}},"loc":{"start":{"line":18,"column":52},"end":{"line":45,"column":3}},"line":18},"1":{"name":"(anonymous_1)","decl":{"start":{"line":48,"column":19},"end":{"line":48,"column":20}},"loc":{"start":{"line":48,"column":54},"end":{"line":75,"column":3}},"line":48},"2":{"name":"(anonymous_2)","decl":{"start":{"line":78,"column":26},"end":{"line":78,"column":27}},"loc":{"start":{"line":78,"column":56},"end":{"line":94,"column":3}},"line":78},"3":{"name":"(anonymous_3)","decl":{"start":{"line":96,"column":12},"end":{"line":96,"column":13}},"loc":{"start":{"line":96,"column":18},"end":{"line":98,"column":3}},"line":96}},"branchMap":{"0":{"loc":{"start":{"line":6,"column":22},"end":{"line":6,"column":93}},"type":"binary-expr","locations":[{"start":{"line":6,"column":22},"end":{"line":6,"column":57}},{"start":{"line":6,"column":61},"end":{"line":6,"column":93}}],"line":6},"1":{"loc":{"start":{"line":9,"column":0},"end":{"line":14,"column":1}},"type":"if","locations":[{"start":{"line":9,"column":0},"end":{"line":14,"column":1}},{"start":{},"end":{}}],"line":9},"2":{"loc":{"start":{"line":9,"column":4},"end":{"line":9,"column":22}},"type":"binary-expr","locations":[{"start":{"line":9,"column":4},"end":{"line":9,"column":9}},{"start":{"line":9,"column":13},"end":{"line":9,"column":22}}],"line":9},"3":{"loc":{"start":{"line":19,"column":4},"end":{"line":34,"column":5}},"type":"if","locations":[{"start":{"line":19,"column":4},"end":{"line":34,"column":5}},{"start":{},"end":{}}],"line":19},"4":{"loc":{"start":{"line":49,"column":4},"end":{"line":51,"column":5}},"type":"if","locations":[{"start":{"line":49,"column":4},"end":{"line":51,"column":5}},{"start":{},"end":{}}],"line":49},"5":{"loc":{"start":{"line":49,"column":8},"end":{"line":49,"column":44}},"type":"binary-expr","locations":[{"start":{"line":49,"column":8},"end":{"line":49,"column":16}},{"start":{"line":49,"column":20},"end":{"line":49,"column":30}},{"start":{"line":49,"column":34},"end":{"line":49,"column":44}}],"line":49},"6":{"loc":{"start":{"line":53,"column":19},"end":{"line":53,"column":58}},"type":"binary-expr","locations":[{"start":{"line":53,"column":19},"end":{"line":53,"column":28}},{"start":{"line":53,"column":32},"end":{"line":53,"column":58}}],"line":53},"7":{"loc":{"start":{"line":64,"column":4},"end":{"line":66,"column":5}},"type":"if","locations":[{"start":{"line":64,"column":4},"end":{"line":66,"column":5}},{"start":{},"end":{}}],"line":64},"8":{"loc":{"start":{"line":64,"column":8},"end":{"line":64,"column":103}},"type":"binary-expr","locations":[{"start":{"line":64,"column":8},"end":{"line":64,"column":50}},{"start":{"line":64,"column":54},"end":{"line":64,"column":103}}],"line":64},"9":{"loc":{"start":{"line":70,"column":4},"end":{"line":72,"column":5}},"type":"if","locations":[{"start":{"line":70,"column":4},"end":{"line":72,"column":5}},{"start":{},"end":{}}],"line":70},"10":{"loc":{"start":{"line":70,"column":8},"end":{"line":70,"column":89}},"type":"binary-expr","locations":[{"start":{"line":70,"column":8},"end":{"line":70,"column":37}},{"start":{"line":70,"column":41},"end":{"line":70,"column":89}}],"line":70},"11":{"loc":{"start":{"line":79,"column":4},"end":{"line":79,"column":39}},"type":"if","locations":[{"start":{"line":79,"column":4},"end":{"line":79,"column":39}},{"start":{},"end":{}}],"line":79},"12":{"loc":{"start":{"line":89,"column":4},"end":{"line":91,"column":5}},"type":"if","locations":[{"start":{"line":89,"column":4},"end":{"line":91,"column":5}},{"start":{},"end":{}}],"line":89},"13":{"loc":{"start":{"line":89,"column":8},"end":{"line":89,"column":103}},"type":"binary-expr","locations":[{"start":{"line":89,"column":8},"end":{"line":89,"column":50}},{"start":{"line":89,"column":54},"end":{"line":89,"column":103}}],"line":89},"14":{"loc":{"start":{"line":97,"column":11},"end":{"line":97,"column":45}},"type":"binary-expr","locations":[{"start":{"line":97,"column":11},"end":{"line":97,"column":16}},{"start":{"line":97,"column":20},"end":{"line":97,"column":45}}],"line":97}},"s":{"0":9,"1":9,"2":9,"3":9,"4":9,"5":9,"6":9,"7":0,"8":9,"9":3,"10":0,"11":0,"12":3,"13":3,"14":2,"15":0,"16":2,"17":2,"18":2,"19":2,"20":2,"21":0,"22":2,"23":2,"24":1,"25":1,"26":0,"27":0,"28":0,"29":0,"30":0,"31":0,"32":0,"33":0,"34":3,"35":9},"f":{"0":3,"1":2,"2":0,"3":3},"b":{"0":[9,9],"1":[0,9],"2":[9,0],"3":[0,3],"4":[0,2],"5":[2,2,2],"6":[2,2],"7":[0,2],"8":[2,0],"9":[1,1],"10":[2,1],"11":[0,0],"12":[0,0],"13":[0,0],"14":[3,3]},"_coverageSchema":"1a1c01bbd47fc00a2c39e90264f33305004495a9","hash":"cba77948228b2792cf53400ba7278e546ae91895"}
,"C:\\Users\\shari\\OneDrive\\Desktop\\Nestly\\server\\services\\templates\\notificationTemplates.js": {"path":"C:\\Users\\shari\\OneDrive\\Desktop\\Nestly\\server\\services\\templates\\notificationTemplates.js","statementMap":{"0":{"start":{"line":1,"column":20},"end":{"line":7,"column":1}},"1":{"start":{"line":2,"column":2},"end":{"line":6,"column":25}},"2":{"start":{"line":9,"column":23},"end":{"line":35,"column":1}},"3":{"start":{"line":9,"column":34},"end":{"line":35,"column":1}},"4":{"start":{"line":37,"column":23},"end":{"line":46,"column":1}},"5":{"start":{"line":37,"column":29},"end":{"line":46,"column":1}},"6":{"start":{"line":48,"column":30},"end":{"line":158,"column":1}},"7":{"start":{"line":49,"column":32},"end":{"line":70,"column":3}},"8":{"start":{"line":72,"column":30},"end":{"line":91,"column":3}},"9":{"start":{"line":93,"column":29},"end":{"line":106,"column":3}},"10":{"start":{"line":108,"column":32},"end":{"line":121,"column":3}},"11":{"start":{"line":123,"column":34},"end":{"line":143,"column":3}},"12":{"start":{"line":145,"column":40},"end":{"line":157,"column":3}},"13":{"start":{"line":160,"column":0},"end":{"line":160,"column":39}}},"fnMap":{"0":{"name":"(anonymous_0)","decl":{"start":{"line":1,"column":20},"end":{"line":1,"column":21}},"loc":{"start":{"line":1,"column":32},"end":{"line":7,"column":1}},"line":1},"1":{"name":"(anonymous_1)","decl":{"start":{"line":9,"column":23},"end":{"line":9,"column":24}},"loc":{"start":{"line":9,"column":34},"end":{"line":35,"column":1}},"line":9},"2":{"name":"(anonymous_2)","decl":{"start":{"line":37,"column":23},"end":{"line":37,"column":24}},"loc":{"start":{"line":37,"column":29},"end":{"line":46,"column":1}},"line":37},"3":{"name":"(anonymous_3)","decl":{"start":{"line":49,"column":21},"end":{"line":49,"column":22}},"loc":{"start":{"line":49,"column":32},"end":{"line":70,"column":3}},"line":49},"4":{"name":"(anonymous_4)","decl":{"start":{"line":72,"column":19},"end":{"line":72,"column":20}},"loc":{"start":{"line":72,"column":30},"end":{"line":91,"column":3}},"line":72},"5":{"name":"(anonymous_5)","decl":{"start":{"line":93,"column":18},"end":{"line":93,"column":19}},"loc":{"start":{"line":93,"column":29},"end":{"line":106,"column":3}},"line":93},"6":{"name":"(anonymous_6)","decl":{"start":{"line":108,"column":21},"end":{"line":108,"column":22}},"loc":{"start":{"line":108,"column":32},"end":{"line":121,"column":3}},"line":108},"7":{"name":"(anonymous_7)","decl":{"start":{"line":123,"column":23},"end":{"line":123,"column":24}},"loc":{"start":{"line":123,"column":34},"end":{"line":143,"column":3}},"line":123},"8":{"name":"(anonymous_8)","decl":{"start":{"line":145,"column":29},"end":{"line":145,"column":30}},"loc":{"start":{"line":145,"column":40},"end":{"line":157,"column":3}},"line":145}},"branchMap":{"0":{"loc":{"start":{"line":6,"column":12},"end":{"line":6,"column":23}},"type":"binary-expr","locations":[{"start":{"line":6,"column":12},"end":{"line":6,"column":18}},{"start":{"line":6,"column":22},"end":{"line":6,"column":23}}],"line":6},"1":{"loc":{"start":{"line":84,"column":74},"end":{"line":84,"column":102}},"type":"binary-expr","locations":[{"start":{"line":84,"column":74},"end":{"line":84,"column":88}},{"start":{"line":84,"column":92},"end":{"line":84,"column":102}}],"line":84}},"s":{"0":9,"1":13,"2":9,"3":14,"4":9,"5":14,"6":9,"7":3,"8":1,"9":1,"10":1,"11":7,"12":1,"13":9},"f":{"0":13,"1":14,"2":14,"3":3,"4":1,"5":1,"6":1,"7":7,"8":1},"b":{"0":[13,4],"1":[1,0]},"_coverageSchema":"1a1c01bbd47fc00a2c39e90264f33305004495a9","hash":"e1c86282639378e9dbc59ef0d1b60a52c0c83e3b"}
,"C:\\Users\\shari\\OneDrive\\Desktop\\Nestly\\server\\utils\\generateToken.js": {"path":"C:\\Users\\shari\\OneDrive\\Desktop\\Nestly\\server\\utils\\generateToken.js","statementMap":{"0":{"start":{"line":1,"column":12},"end":{"line":1,"column":35}},"1":{"start":{"line":3,"column":22},"end":{"line":9,"column":1}},"2":{"start":{"line":4,"column":2},"end":{"line":8,"column":4}},"3":{"start":{"line":11,"column":26},"end":{"line":34,"column":1}},"4":{"start":{"line":12,"column":16},"end":{"line":12,"column":50}},"5":{"start":{"line":14,"column":21},"end":{"line":14,"column":62}},"6":{"start":{"line":15,"column":24},"end":{"line":20,"column":3}},"7":{"start":{"line":23,"column":21},"end":{"line":23,"column":66}},"8":{"start":{"line":24,"column":2},"end":{"line":24,"column":29}},"9":{"start":{"line":26,"column":2},"end":{"line":33,"column":7}},"10":{"start":{"line":36,"column":0},"end":{"line":39,"column":2}}},"fnMap":{"0":{"name":"(anonymous_0)","decl":{"start":{"line":3,"column":22},"end":{"line":3,"column":23}},"loc":{"start":{"line":3,"column":40},"end":{"line":9,"column":1}},"line":3},"1":{"name":"(anonymous_1)","decl":{"start":{"line":11,"column":26},"end":{"line":11,"column":27}},"loc":{"start":{"line":11,"column":74},"end":{"line":34,"column":1}},"line":11}},"branchMap":{"0":{"loc":{"start":{"line":6,"column":4},"end":{"line":6,"column":83}},"type":"binary-expr","locations":[{"start":{"line":6,"column":4},"end":{"line":6,"column":26}},{"start":{"line":6,"column":30},"end":{"line":6,"column":83}}],"line":6},"1":{"loc":{"start":{"line":7,"column":17},"end":{"line":7,"column":51}},"type":"binary-expr","locations":[{"start":{"line":7,"column":17},"end":{"line":7,"column":43}},{"start":{"line":7,"column":47},"end":{"line":7,"column":51}}],"line":7},"2":{"loc":{"start":{"line":11,"column":50},"end":{"line":11,"column":69}},"type":"default-arg","locations":[{"start":{"line":11,"column":60},"end":{"line":11,"column":69}}],"line":11},"3":{"loc":{"start":{"line":14,"column":21},"end":{"line":14,"column":62}},"type":"binary-expr","locations":[{"start":{"line":14,"column":21},"end":{"line":14,"column":44}},{"start":{"line":14,"column":48},"end":{"line":14,"column":62}}],"line":14},"4":{"loc":{"start":{"line":19,"column":14},"end":{"line":19,"column":68}},"type":"cond-expr","locations":[{"start":{"line":19,"column":54},"end":{"line":19,"column":60}},{"start":{"line":19,"column":63},"end":{"line":19,"column":68}}],"line":19},"5":{"loc":{"start":{"line":23,"column":21},"end":{"line":23,"column":66}},"type":"cond-expr","locations":[{"start":{"line":23,"column":37},"end":{"line":23,"column":52}},{"start":{"line":23,"column":55},"end":{"line":23,"column":66}}],"line":23}},"s":{"0":12,"1":12,"2":227,"3":12,"4":5,"5":5,"6":5,"7":5,"8":5,"9":5,"10":12},"f":{"0":227,"1":5},"b":{"0":[227,227],"1":[227,227],"2":[0],"3":[5,5],"4":[0,5],"5":[5,0]},"_coverageSchema":"1a1c01bbd47fc00a2c39e90264f33305004495a9","hash":"d801e641a8f5a37b1b9954938270b22852393f98"}
}
