TN:
SF:controllers\adminAuditController.js
FN:6,(anonymous_0)
FNF:1
FNH:1
FNDA:1,(anonymous_0)
DA:1,9
DA:6,9
DA:7,1
DA:8,1
DA:10,1
DA:12,1
DA:17,0
DA:21,9
LF:8
LH:7
BRDA:8,0,0,1
BRDA:8,1,0,1
BRF:2
BRH:2
end_of_record
TN:
SF:controllers\analyticsController.js
FN:6,(anonymous_0)
FN:29,(anonymous_1)
FNF:2
FNH:2
FNDA:4,(anonymous_0)
FNDA:1,(anonymous_1)
DA:1,9
DA:6,9
DA:7,4
DA:8,4
DA:10,4
DA:17,4
DA:22,0
DA:29,9
DA:30,1
DA:31,1
DA:33,1
DA:35,1
DA:40,0
DA:44,9
LF:14
LH:12
BRDA:8,0,0,2
BRDA:31,1,0,1
BRF:2
BRH:2
end_of_record
TN:
SF:controllers\authController.js
FN:12,(anonymous_0)
FN:23,(anonymous_1)
FN:93,(anonymous_2)
FN:184,(anonymous_3)
FN:216,(anonymous_4)
FN:230,(anonymous_5)
FN:270,(anonymous_6)
FN:322,(anonymous_7)
FN:341,(anonymous_8)
FNF:9
FNH:4
FNDA:5,(anonymous_0)
FNDA:5,(anonymous_1)
FNDA:5,(anonymous_2)
FNDA:0,(anonymous_3)
FNDA:1,(anonymous_4)
FNDA:0,(anonymous_5)
FNDA:0,(anonymous_6)
FNDA:0,(anonymous_7)
FNDA:0,(anonymous_8)
DA:1,9
DA:2,9
DA:3,9
DA:6,9
DA:12,9
DA:13,5
DA:14,4
DA:15,0
DA:17,4
DA:23,9
DA:24,5
DA:25,5
DA:27,5
DA:28,0
DA:34,5
DA:35,5
DA:36,1
DA:43,4
DA:44,2
DA:56,4
DA:57,4
DA:59,4
DA:60,1
DA:67,3
DA:74,3
DA:84,3
DA:86,0
DA:93,9
DA:94,5
DA:95,5
DA:97,5
DA:98,1
DA:104,4
DA:107,4
DA:109,4
DA:110,1
DA:120,1
DA:126,3
DA:127,0
DA:138,0
DA:145,3
DA:147,3
DA:148,1
DA:159,1
DA:165,2
DA:175,2
DA:177,0
DA:184,9
DA:185,0
DA:186,0
DA:187,0
DA:192,0
DA:193,0
DA:204,0
DA:209,0
DA:216,9
DA:217,1
DA:218,1
DA:223,0
DA:230,9
DA:231,0
DA:232,0
DA:235,0
DA:236,0
DA:248,0
DA:249,0
DA:250,0
DA:252,0
DA:257,0
DA:263,0
DA:270,9
DA:271,0
DA:272,0
DA:274,0
DA:275,0
DA:281,0
DA:282,0
DA:283,0
DA:289,0
DA:292,0
DA:293,0
DA:294,0
DA:300,0
DA:301,0
DA:303,0
DA:313,0
DA:315,0
DA:322,9
DA:323,0
DA:324,0
DA:325,0
DA:326,0
DA:329,0
DA:334,0
DA:341,9
DA:342,0
DA:343,0
DA:348,0
DA:352,9
LF:99
LH:50
BRDA:13,0,0,1
BRDA:13,0,1,4
BRDA:13,1,0,5
BRDA:13,1,1,5
BRDA:14,2,0,0
BRDA:14,2,1,4
BRDA:27,3,0,0
BRDA:27,3,1,5
BRDA:27,4,0,5
BRDA:27,4,1,5
BRDA:27,4,2,5
BRDA:27,4,3,5
BRDA:27,4,4,5
BRDA:27,4,5,5
BRDA:35,5,0,1
BRDA:35,5,1,4
BRDA:43,6,0,2
BRDA:43,6,1,2
BRDA:43,7,0,4
BRDA:43,7,1,2
BRDA:59,8,0,1
BRDA:59,8,1,3
BRDA:97,9,0,1
BRDA:97,9,1,4
BRDA:97,10,0,5
BRDA:97,10,1,5
BRDA:97,10,2,5
BRDA:97,10,3,4
BRDA:109,11,0,1
BRDA:109,11,1,3
BRDA:126,12,0,0
BRDA:126,12,1,3
BRDA:147,13,0,1
BRDA:147,13,1,2
BRDA:186,14,0,0
BRDA:186,14,1,0
BRDA:192,15,0,0
BRDA:192,15,1,0
BRDA:235,16,0,0
BRDA:235,16,1,0
BRDA:235,17,0,0
BRDA:235,17,1,0
BRDA:249,18,0,0
BRDA:249,18,1,0
BRDA:249,19,0,0
BRDA:249,19,1,0
BRDA:250,20,0,0
BRDA:250,20,1,0
BRDA:250,21,0,0
BRDA:250,21,1,0
BRDA:274,22,0,0
BRDA:274,22,1,0
BRDA:274,23,0,0
BRDA:274,23,1,0
BRDA:274,23,2,0
BRDA:274,23,3,0
BRDA:282,24,0,0
BRDA:282,24,1,0
BRDA:293,25,0,0
BRDA:293,25,1,0
BRDA:325,26,0,0
BRDA:325,26,1,0
BRDA:325,27,0,0
BRDA:325,27,1,0
BRF:64
BRH:31
end_of_record
TN:
SF:controllers\bookingController.js
FN:12,(anonymous_0)
FN:16,(anonymous_1)
FN:17,(anonymous_2)
FN:28,(anonymous_3)
FN:37,(anonymous_4)
FN:90,(anonymous_5)
FN:133,(anonymous_6)
FN:151,(anonymous_7)
FN:283,(anonymous_8)
FN:303,(anonymous_9)
FN:341,(anonymous_10)
FN:420,(anonymous_11)
FN:424,(anonymous_12)
FNF:13
FNH:7
FNDA:6,(anonymous_0)
FNDA:6,(anonymous_1)
FNDA:6,(anonymous_2)
FNDA:3,(anonymous_3)
FNDA:0,(anonymous_4)
FNDA:0,(anonymous_5)
FNDA:6,(anonymous_6)
FNDA:6,(anonymous_7)
FNDA:0,(anonymous_8)
FNDA:0,(anonymous_9)
FNDA:2,(anonymous_10)
FNDA:0,(anonymous_11)
FNDA:0,(anonymous_12)
DA:1,9
DA:2,9
DA:3,9
DA:4,9
DA:5,9
DA:6,9
DA:7,9
DA:10,9
DA:12,9
DA:13,6
DA:14,6
DA:16,6
DA:17,6
DA:19,6
DA:20,6
DA:21,6
DA:23,6
DA:28,9
DA:29,3
DA:30,3
DA:31,3
DA:37,9
DA:38,0
DA:39,0
DA:40,0
DA:42,0
DA:43,0
DA:49,0
DA:51,0
DA:52,0
DA:59,0
DA:60,0
DA:63,0
DA:70,0
DA:83,0
DA:90,9
DA:91,0
DA:92,0
DA:94,0
DA:95,0
DA:101,0
DA:102,0
DA:103,0
DA:109,0
DA:110,0
DA:111,0
DA:113,0
DA:115,0
DA:126,0
DA:133,9
DA:141,6
DA:143,6
DA:144,0
DA:151,6
DA:152,6
DA:153,6
DA:154,6
DA:155,6
DA:157,6
DA:158,1
DA:164,5
DA:165,1
DA:172,4
DA:173,4
DA:174,0
DA:181,4
DA:182,4
DA:183,0
DA:190,4
DA:191,4
DA:192,0
DA:199,4
DA:201,4
DA:202,1
DA:209,3
DA:212,3
DA:214,3
DA:234,3
DA:236,3
DA:241,3
DA:254,3
DA:255,3
DA:269,3
DA:275,0
DA:283,9
DA:284,0
DA:285,0
DA:290,0
DA:296,0
DA:303,9
DA:304,0
DA:305,0
DA:310,0
DA:311,0
DA:318,0
DA:319,0
DA:320,0
DA:322,0
DA:323,0
DA:329,0
DA:334,0
DA:341,9
DA:342,2
DA:343,2
DA:345,2
DA:346,0
DA:353,2
DA:354,2
DA:356,2
DA:357,1
DA:363,1
DA:364,0
DA:371,1
DA:372,1
DA:374,1
DA:375,0
DA:381,1
DA:382,1
DA:383,1
DA:385,1
DA:387,1
DA:390,1
DA:398,1
DA:399,1
DA:407,1
DA:413,0
DA:420,9
DA:421,0
DA:423,0
DA:424,0
DA:426,0
DA:432,0
DA:438,0
DA:442,9
LF:134
LH:78
BRDA:14,0,0,6
BRDA:14,0,1,5
BRDA:40,1,0,0
BRDA:40,2,0,0
BRDA:42,3,0,0
BRDA:42,3,1,0
BRDA:42,4,0,0
BRDA:42,4,1,0
BRDA:51,5,0,0
BRDA:51,5,1,0
BRDA:54,6,0,0
BRDA:54,6,1,0
BRDA:73,7,0,0
BRDA:73,7,1,0
BRDA:92,8,0,0
BRDA:92,9,0,0
BRDA:94,10,0,0
BRDA:94,10,1,0
BRDA:94,11,0,0
BRDA:94,11,1,0
BRDA:94,11,2,0
BRDA:102,12,0,0
BRDA:102,12,1,0
BRDA:102,13,0,0
BRDA:102,13,1,0
BRDA:118,14,0,0
BRDA:118,14,1,0
BRDA:139,15,0,0
BRDA:140,16,0,0
BRDA:143,17,0,0
BRDA:143,17,1,6
BRDA:143,18,0,6
BRDA:143,18,1,6
BRDA:143,18,2,6
BRDA:143,18,3,6
BRDA:157,19,0,1
BRDA:157,19,1,5
BRDA:164,20,0,1
BRDA:164,20,1,4
BRDA:173,21,0,0
BRDA:173,21,1,4
BRDA:173,22,0,4
BRDA:173,22,1,4
BRDA:182,23,0,0
BRDA:182,23,1,4
BRDA:182,24,0,4
BRDA:182,24,1,4
BRDA:182,24,2,4
BRDA:191,25,0,0
BRDA:191,25,1,4
BRDA:201,26,0,1
BRDA:201,26,1,3
BRDA:254,27,0,3
BRDA:254,27,1,0
BRDA:310,28,0,0
BRDA:310,28,1,0
BRDA:322,29,0,0
BRDA:322,29,1,0
BRDA:322,30,0,0
BRDA:322,30,1,0
BRDA:322,30,2,0
BRDA:345,31,0,0
BRDA:345,31,1,2
BRDA:356,32,0,1
BRDA:356,32,1,1
BRDA:356,33,0,2
BRDA:356,33,1,1
BRDA:363,34,0,0
BRDA:363,34,1,1
BRDA:374,35,0,0
BRDA:374,35,1,1
BRDA:383,36,0,1
BRDA:383,36,1,0
BRDA:394,37,0,1
BRDA:394,37,1,0
BRDA:395,38,0,1
BRDA:395,38,1,0
BRDA:398,39,0,1
BRDA:398,39,1,0
BRF:79
BRH:33
end_of_record
TN:
SF:controllers\hotelController.js
FN:8,(anonymous_0)
FN:23,(anonymous_1)
FN:37,(anonymous_2)
FN:107,(anonymous_3)
FN:135,(anonymous_4)
FN:162,(anonymous_5)
FN:169,(anonymous_6)
FN:191,(anonymous_7)
FN:214,(anonymous_8)
FN:259,(anonymous_9)
FN:281,(anonymous_10)
FN:322,(anonymous_11)
FNF:12
FNH:9
FNDA:3,(anonymous_0)
FNDA:2,(anonymous_1)
FNDA:1,(anonymous_2)
FNDA:8,(anonymous_3)
FNDA:7,(anonymous_4)
FNDA:0,(anonymous_5)
FNDA:0,(anonymous_6)
FNDA:1,(anonymous_7)
FNDA:3,(anonymous_8)
FNDA:1,(anonymous_9)
FNDA:0,(anonymous_10)
FNDA:1,(anonymous_11)
DA:1,9
DA:2,9
DA:3,9
DA:4,9
DA:5,9
DA:8,9
DA:9,3
DA:10,3
DA:11,3
DA:12,2
DA:14,3
DA:15,3
DA:23,9
DA:24,2
DA:33,2
DA:35,2
DA:37,2
DA:39,1
DA:42,1
DA:43,0
DA:44,0
DA:48,1
DA:49,0
DA:50,0
DA:51,0
DA:52,0
DA:61,1
DA:62,1
DA:63,1
DA:64,1
DA:68,1
DA:69,0
DA:73,1
DA:74,1
DA:75,0
DA:76,1
DA:77,0
DA:78,1
DA:79,0
DA:80,1
DA:81,0
DA:83,1
DA:84,1
DA:87,1
DA:88,1
DA:90,1
DA:93,2
DA:100,0
DA:107,9
DA:108,8
DA:109,8
DA:112,8
DA:113,8
DA:114,0
DA:115,0
DA:117,0
DA:118,0
DA:119,0
DA:124,8
DA:125,0
DA:126,0
DA:127,0
DA:129,0
DA:130,0
DA:134,8
DA:135,8
DA:136,7
DA:137,7
DA:139,7
DA:140,7
DA:143,8
DA:144,0
DA:150,8
DA:155,0
DA:162,9
DA:163,0
DA:164,0
DA:165,0
DA:168,0
DA:170,0
DA:171,0
DA:178,0
DA:184,0
DA:191,9
DA:192,1
DA:203,1
DA:205,1
DA:206,0
DA:213,1
DA:214,3
DA:217,1
DA:231,1
DA:234,1
DA:236,1
DA:246,1
DA:252,0
DA:259,9
DA:260,1
DA:271,1
DA:273,1
DA:274,1
DA:275,1
DA:276,1
DA:277,1
DA:278,1
DA:279,1
DA:280,1
DA:281,1
DA:282,1
DA:284,1
DA:291,1
DA:292,0
DA:295,1
DA:298,1
DA:300,1
DA:309,1
DA:315,0
DA:322,9
DA:323,1
DA:324,1
DA:327,1
DA:328,1
DA:331,1
DA:333,1
DA:336,1
DA:338,1
DA:347,1
DA:352,0
DA:356,9
LF:129
LH:92
BRDA:11,0,0,2
BRDA:11,0,1,1
BRDA:39,1,0,1
BRDA:39,1,1,1
BRDA:42,2,0,0
BRDA:42,2,1,1
BRDA:42,3,0,1
BRDA:42,3,1,0
BRDA:48,4,0,0
BRDA:48,4,1,1
BRDA:48,5,0,1
BRDA:48,5,1,0
BRDA:61,6,0,1
BRDA:61,6,1,0
BRDA:61,7,0,1
BRDA:61,7,1,0
BRDA:63,8,0,1
BRDA:63,8,1,0
BRDA:63,9,0,1
BRDA:63,9,1,1
BRDA:64,10,0,1
BRDA:64,10,1,0
BRDA:64,11,0,1
BRDA:64,11,1,1
BRDA:68,12,0,0
BRDA:68,12,1,1
BRDA:68,13,0,1
BRDA:68,13,1,0
BRDA:74,14,0,0
BRDA:74,14,1,1
BRDA:76,15,0,0
BRDA:76,15,1,1
BRDA:78,16,0,0
BRDA:78,16,1,1
BRDA:80,17,0,0
BRDA:80,17,1,1
BRDA:113,18,0,0
BRDA:113,18,1,8
BRDA:114,19,0,0
BRDA:114,19,1,0
BRDA:118,20,0,0
BRDA:118,20,1,0
BRDA:118,21,0,0
BRDA:118,21,1,0
BRDA:124,22,0,0
BRDA:124,22,1,8
BRDA:126,23,0,0
BRDA:126,23,1,0
BRDA:137,24,0,0
BRDA:137,24,1,7
BRDA:143,25,0,0
BRDA:143,25,1,8
BRDA:164,26,0,0
BRDA:164,26,1,0
BRDA:205,27,0,0
BRDA:205,27,1,1
BRDA:205,28,0,1
BRDA:205,28,1,1
BRDA:205,28,2,1
BRDA:205,28,3,1
BRDA:213,29,0,1
BRDA:213,29,1,0
BRDA:222,30,0,0
BRDA:222,30,1,1
BRDA:223,31,0,1
BRDA:223,31,1,1
BRDA:223,32,0,0
BRDA:223,32,1,1
BRDA:224,33,0,0
BRDA:224,33,1,1
BRDA:224,34,0,1
BRDA:224,34,1,0
BRDA:227,35,0,1
BRDA:227,35,1,1
BRDA:274,36,0,1
BRDA:274,36,1,0
BRDA:275,37,0,0
BRDA:275,37,1,1
BRDA:276,38,0,0
BRDA:276,38,1,1
BRDA:277,39,0,0
BRDA:277,39,1,1
BRDA:278,40,0,0
BRDA:278,40,1,1
BRDA:279,41,0,0
BRDA:279,41,1,1
BRDA:280,42,0,0
BRDA:280,42,1,1
BRDA:280,43,0,1
BRDA:280,43,1,0
BRDA:281,44,0,0
BRDA:281,44,1,1
BRDA:281,45,0,1
BRDA:281,45,1,0
BRDA:282,46,0,0
BRDA:282,46,1,1
BRDA:291,47,0,0
BRDA:291,47,1,1
BRDA:324,48,0,1
BRDA:324,48,1,0
BRF:100
BRH:53
end_of_record
TN:
SF:controllers\notificationController.js
FN:7,(anonymous_0)
FN:38,(anonymous_1)
FN:57,(anonymous_2)
FN:93,(anonymous_3)
FN:112,(anonymous_4)
FN:145,(anonymous_5)
FN:160,(anonymous_6)
FNF:7
FNH:3
FNDA:2,(anonymous_0)
FNDA:1,(anonymous_1)
FNDA:2,(anonymous_2)
FNDA:0,(anonymous_3)
FNDA:0,(anonymous_4)
FNDA:0,(anonymous_5)
FNDA:0,(anonymous_6)
DA:1,9
DA:2,9
DA:7,9
DA:8,2
DA:9,2
DA:10,2
DA:11,2
DA:13,2
DA:18,2
DA:19,2
DA:21,2
DA:31,0
DA:38,9
DA:39,1
DA:40,1
DA:45,1
DA:50,0
DA:57,9
DA:58,2
DA:59,2
DA:61,2
DA:62,0
DA:69,2
DA:70,1
DA:76,1
DA:77,1
DA:78,1
DA:80,1
DA:86,0
DA:93,9
DA:94,0
DA:95,0
DA:100,0
DA:105,0
DA:112,9
DA:113,0
DA:114,0
DA:116,0
DA:117,0
DA:124,0
DA:125,0
DA:131,0
DA:133,0
DA:138,0
DA:145,9
DA:146,0
DA:147,0
DA:148,0
DA:153,0
DA:160,9
DA:161,0
DA:162,0
DA:163,0
DA:167,0
DA:169,0
DA:175,0
DA:179,9
LF:57
LH:30
BRDA:9,0,0,2
BRDA:9,0,1,2
BRDA:10,1,0,2
BRDA:10,1,1,2
BRDA:27,2,0,2
BRDA:27,2,1,0
BRDA:61,3,0,0
BRDA:61,3,1,2
BRDA:69,4,0,1
BRDA:69,4,1,1
BRDA:116,5,0,0
BRDA:116,5,1,0
BRDA:124,6,0,0
BRDA:124,6,1,0
BRDA:150,7,0,0
BRDA:150,7,1,0
BRF:16
BRH:8
end_of_record
TN:
SF:controllers\paymentController.js
FN:10,(anonymous_0)
FN:35,(anonymous_1)
FN:68,(anonymous_2)
FN:95,(anonymous_3)
FN:114,(anonymous_4)
FN:149,(anonymous_5)
FN:152,(anonymous_6)
FN:155,(anonymous_7)
FNF:8
FNH:2
FNDA:4,(anonymous_0)
FNDA:3,(anonymous_1)
FNDA:0,(anonymous_2)
FNDA:0,(anonymous_3)
FNDA:0,(anonymous_4)
FNDA:0,(anonymous_5)
FNDA:0,(anonymous_6)
FNDA:0,(anonymous_7)
DA:1,9
DA:2,9
DA:3,9
DA:4,9
DA:5,9
DA:10,9
DA:11,4
DA:12,4
DA:13,4
DA:14,0
DA:20,4
DA:22,3
DA:28,1
DA:35,9
DA:36,3
DA:42,3
DA:44,3
DA:45,0
DA:51,3
DA:59,2
DA:61,1
DA:68,9
DA:69,0
DA:70,0
DA:71,0
DA:73,0
DA:74,0
DA:75,0
DA:81,0
DA:83,0
DA:88,0
DA:95,9
DA:96,0
DA:97,0
DA:101,0
DA:107,0
DA:114,9
DA:115,0
DA:116,0
DA:120,0
DA:121,0
DA:127,0
DA:128,0
DA:130,0
DA:131,0
DA:137,0
DA:142,0
DA:149,9
DA:150,0
DA:151,0
DA:152,0
DA:154,0
DA:155,0
DA:157,0
DA:162,0
DA:168,0
DA:172,9
LF:57
LH:24
BRDA:13,0,0,0
BRDA:13,0,1,4
BRDA:44,1,0,0
BRDA:44,1,1,3
BRDA:44,2,0,3
BRDA:44,2,1,3
BRDA:44,2,2,3
BRDA:44,2,3,3
BRDA:71,3,0,0
BRDA:71,3,1,0
BRDA:74,4,0,0
BRDA:74,4,1,0
BRDA:120,5,0,0
BRDA:120,5,1,0
BRDA:130,6,0,0
BRDA:130,6,1,0
BRDA:130,7,0,0
BRDA:130,7,1,0
BRF:18
BRH:6
end_of_record
TN:
SF:controllers\reviewController.js
FN:7,(anonymous_0)
FN:26,(anonymous_1)
FN:59,(anonymous_2)
FN:78,(anonymous_3)
FN:95,(anonymous_4)
FN:121,(anonymous_5)
FN:135,(anonymous_6)
FN:166,(anonymous_7)
FN:183,(anonymous_8)
FN:209,(anonymous_9)
FN:226,(anonymous_10)
FN:245,(anonymous_11)
FNF:12
FNH:6
FNDA:0,(anonymous_0)
FNDA:6,(anonymous_1)
FNDA:2,(anonymous_2)
FNDA:0,(anonymous_3)
FNDA:0,(anonymous_4)
FNDA:0,(anonymous_5)
FNDA:1,(anonymous_6)
FNDA:0,(anonymous_7)
FNDA:1,(anonymous_8)
FNDA:0,(anonymous_9)
FNDA:1,(anonymous_10)
FNDA:1,(anonymous_11)
DA:1,9
DA:2,9
DA:7,9
DA:8,0
DA:9,0
DA:10,0
DA:12,0
DA:19,0
DA:26,9
DA:27,6
DA:28,6
DA:30,6
DA:31,0
DA:37,6
DA:46,4
DA:52,2
DA:59,9
DA:60,2
DA:61,2
DA:62,2
DA:64,2
DA:66,2
DA:71,0
DA:78,9
DA:79,0
DA:80,0
DA:82,0
DA:88,0
DA:95,9
DA:96,0
DA:97,0
DA:99,0
DA:108,0
DA:114,0
DA:121,9
DA:122,0
DA:123,0
DA:124,0
DA:126,0
DA:128,0
DA:135,9
DA:136,1
DA:137,1
DA:139,1
DA:140,0
DA:146,1
DA:153,1
DA:159,0
DA:166,9
DA:167,0
DA:168,0
DA:170,0
DA:176,0
DA:183,9
DA:184,1
DA:185,1
DA:187,1
DA:188,0
DA:194,1
DA:196,1
DA:202,0
DA:209,9
DA:210,0
DA:211,0
DA:213,0
DA:219,0
DA:226,9
DA:227,1
DA:228,1
DA:230,1
DA:232,1
DA:238,0
DA:245,9
DA:246,1
DA:247,1
DA:249,1
DA:250,0
DA:256,1
DA:258,1
DA:264,0
DA:268,9
LF:81
LH:45
BRDA:15,0,0,0
BRDA:15,0,1,0
BRDA:16,1,0,0
BRDA:16,1,1,0
BRDA:30,2,0,0
BRDA:30,2,1,6
BRDA:30,3,0,6
BRDA:30,3,1,6
BRDA:30,3,2,6
BRDA:43,4,0,6
BRDA:43,4,1,5
BRDA:62,5,0,2
BRDA:62,6,0,2
BRDA:62,7,0,2
BRDA:105,8,0,0
BRDA:105,8,1,0
BRDA:139,9,0,0
BRDA:139,9,1,1
BRDA:187,10,0,0
BRDA:187,10,1,1
BRDA:249,11,0,0
BRDA:249,11,1,1
BRF:22
BRH:12
end_of_record
TN:
SF:controllers\roomController.js
FN:9,(anonymous_0)
FN:28,(anonymous_1)
FN:45,(anonymous_2)
FN:48,(anonymous_3)
FN:71,(anonymous_4)
FN:127,(anonymous_5)
FN:177,(anonymous_6)
FNF:7
FNH:1
FNDA:0,(anonymous_0)
FNDA:0,(anonymous_1)
FNDA:0,(anonymous_2)
FNDA:0,(anonymous_3)
FNDA:1,(anonymous_4)
FNDA:0,(anonymous_5)
FNDA:0,(anonymous_6)
DA:1,9
DA:2,9
DA:3,9
DA:4,9
DA:9,9
DA:10,0
DA:11,0
DA:12,0
DA:13,0
DA:14,0
DA:20,0
DA:22,0
DA:23,0
DA:24,0
DA:27,0
DA:28,0
DA:29,0
DA:32,0
DA:38,0
DA:45,9
DA:46,0
DA:47,0
DA:48,0
DA:49,0
DA:52,0
DA:53,0
DA:59,0
DA:64,0
DA:71,9
DA:72,1
DA:73,1
DA:84,1
DA:86,1
DA:87,0
DA:93,1
DA:106,1
DA:109,1
DA:112,1
DA:114,1
DA:120,0
DA:127,9
DA:128,0
DA:139,0
DA:141,0
DA:142,0
DA:143,0
DA:144,0
DA:145,0
DA:146,0
DA:147,0
DA:148,0
DA:149,0
DA:150,0
DA:152,0
DA:159,0
DA:162,0
DA:164,0
DA:170,0
DA:177,9
DA:178,0
DA:179,0
DA:182,0
DA:183,0
DA:186,0
DA:187,0
DA:190,0
DA:192,0
DA:197,0
DA:201,9
LF:69
LH:19
BRDA:13,0,0,0
BRDA:13,0,1,0
BRDA:20,1,0,0
BRDA:20,1,1,0
BRDA:20,1,2,0
BRDA:22,2,0,0
BRDA:22,2,1,0
BRDA:52,3,0,0
BRDA:52,3,1,0
BRDA:86,4,0,0
BRDA:86,4,1,1
BRDA:86,5,0,1
BRDA:86,5,1,1
BRDA:86,5,2,1
BRDA:86,5,3,1
BRDA:97,6,0,1
BRDA:97,6,1,0
BRDA:100,7,0,0
BRDA:100,7,1,1
BRDA:101,8,0,1
BRDA:101,8,1,1
BRDA:102,9,0,1
BRDA:102,9,1,1
BRDA:103,10,0,1
BRDA:103,10,1,1
BRDA:142,11,0,0
BRDA:142,11,1,0
BRDA:143,12,0,0
BRDA:143,12,1,0
BRDA:144,13,0,0
BRDA:144,13,1,0
BRDA:145,14,0,0
BRDA:145,14,1,0
BRDA:146,15,0,0
BRDA:146,15,1,0
BRDA:147,16,0,0
BRDA:147,16,1,0
BRDA:148,17,0,0
BRDA:148,17,1,0
BRDA:149,18,0,0
BRDA:149,18,1,0
BRDA:150,19,0,0
BRDA:150,19,1,0
BRDA:179,20,0,0
BRDA:179,20,1,0
BRDA:186,21,0,0
BRDA:186,21,1,0
BRF:47
BRH:13
end_of_record
TN:
SF:middleware\authenticate.js
FN:4,(anonymous_0)
FNF:1
FNH:1
FNDA:46,(anonymous_0)
DA:1,9
DA:2,9
DA:4,9
DA:7,46
DA:10,46
DA:11,45
DA:14,1
DA:15,0
DA:18,46
DA:19,1
DA:25,45
DA:27,45
DA:33,45
DA:35,45
DA:36,0
DA:42,45
DA:43,0
DA:49,45
DA:50,45
DA:52,0
DA:59,9
LF:21
LH:17
BRDA:7,0,0,46
BRDA:7,0,1,46
BRDA:10,1,0,45
BRDA:10,1,1,1
BRDA:10,2,0,46
BRDA:10,2,1,46
BRDA:14,3,0,0
BRDA:14,3,1,1
BRDA:14,4,0,1
BRDA:14,4,1,0
BRDA:18,5,0,1
BRDA:18,5,1,45
BRDA:29,6,0,45
BRDA:29,6,1,45
BRDA:35,7,0,0
BRDA:35,7,1,45
BRDA:42,8,0,0
BRDA:42,8,1,45
BRF:18
BRH:14
end_of_record
TN:
SF:middleware\authorize.js
FN:1,(anonymous_0)
FN:2,(anonymous_1)
FNF:2
FNH:2
FNDA:171,(anonymous_0)
FNDA:17,(anonymous_1)
DA:1,9
DA:2,171
DA:3,17
DA:4,0
DA:10,17
DA:11,2
DA:17,15
DA:21,9
LF:8
LH:7
BRDA:3,0,0,0
BRDA:3,0,1,17
BRDA:10,1,0,2
BRDA:10,1,1,15
BRF:4
BRH:3
end_of_record
TN:
SF:middleware\errorHandler.js
FN:3,(anonymous_0)
FN:32,(anonymous_1)
FNF:2
FNH:1
FNDA:5,(anonymous_0)
FNDA:0,(anonymous_1)
DA:1,9
DA:3,9
DA:4,5
DA:5,5
DA:8,5
DA:9,0
DA:12,0
DA:24,5
DA:25,0
DA:26,0
DA:30,5
DA:31,0
DA:32,0
DA:36,5
DA:37,0
DA:38,0
DA:42,5
DA:51,9
LF:18
LH:10
BRDA:4,0,0,5
BRDA:4,0,1,0
BRDA:4,1,0,0
BRDA:4,1,1,0
BRDA:5,2,0,5
BRDA:5,2,1,0
BRDA:8,3,0,0
BRDA:8,3,1,5
BRDA:9,4,0,0
BRDA:9,4,1,0
BRDA:13,5,0,0
BRDA:13,5,1,0
BRDA:24,6,0,0
BRDA:24,6,1,5
BRDA:24,7,0,5
BRDA:24,7,1,0
BRDA:30,8,0,0
BRDA:30,8,1,5
BRDA:36,9,0,0
BRDA:36,9,1,5
BRDA:44,10,0,0
BRDA:44,10,1,5
BRDA:44,11,0,5
BRDA:44,11,1,0
BRDA:47,12,0,5
BRDA:47,12,1,0
BRF:26
BRH:10
end_of_record
TN:
SF:middleware\mongoSanitize.js
FN:4,(anonymous_0)
FNF:1
FNH:1
FNDA:70,(anonymous_0)
DA:1,9
DA:4,9
DA:5,70
DA:6,70
DA:8,70
DA:9,70
DA:11,70
DA:12,70
DA:14,70
DA:17,9
LF:10
LH:10
BRDA:5,0,0,70
BRDA:5,0,1,0
BRDA:8,1,0,70
BRDA:8,1,1,0
BRDA:11,2,0,70
BRDA:11,2,1,0
BRF:6
BRH:3
end_of_record
TN:
SF:middleware\validateRequest.js
FN:4,(anonymous_0)
FN:5,(anonymous_1)
FNF:2
FNH:0
FNDA:0,(anonymous_0)
FNDA:0,(anonymous_1)
DA:1,0
DA:4,0
DA:5,0
DA:6,0
DA:7,0
DA:8,0
DA:9,0
DA:15,0
DA:19,0
LF:9
LH:0
BRDA:4,0,0,0
BRDA:8,1,0,0
BRDA:8,1,1,0
BRDA:8,2,0,0
BRDA:8,2,1,0
BRF:5
BRH:0
end_of_record
TN:
SF:middleware\verifyOwnership.js
FN:5,(anonymous_0)
FN:47,(anonymous_1)
FNF:2
FNH:1
FNDA:5,(anonymous_0)
FNDA:0,(anonymous_1)
DA:1,9
DA:2,9
DA:5,9
DA:6,5
DA:7,5
DA:9,5
DA:10,0
DA:16,5
DA:18,5
DA:19,0
DA:26,5
DA:27,0
DA:28,0
DA:32,5
DA:33,2
DA:39,3
DA:40,3
DA:42,0
DA:47,9
DA:48,0
DA:49,0
DA:51,0
DA:52,0
DA:58,0
DA:60,0
DA:61,0
DA:68,0
DA:69,0
DA:70,0
DA:73,0
DA:74,0
DA:80,0
DA:81,0
DA:83,0
DA:87,9
LF:35
LH:15
BRDA:7,0,0,5
BRDA:7,0,1,2
BRDA:7,0,2,0
BRDA:9,1,0,0
BRDA:9,1,1,5
BRDA:18,2,0,0
BRDA:18,2,1,5
BRDA:26,3,0,0
BRDA:26,3,1,5
BRDA:32,4,0,2
BRDA:32,4,1,3
BRDA:49,5,0,0
BRDA:49,5,1,0
BRDA:51,6,0,0
BRDA:51,6,1,0
BRDA:60,7,0,0
BRDA:60,7,1,0
BRDA:68,8,0,0
BRDA:68,8,1,0
BRDA:73,9,0,0
BRDA:73,9,1,0
BRDA:73,10,0,0
BRDA:73,10,1,0
BRF:23
BRH:7
end_of_record
TN:
SF:models\AuditLog.js
FNF:0
FNH:0
DA:1,9
DA:3,9
DA:54,9
DA:56,9
LF:4
LH:4
BRF:0
BRH:0
end_of_record
TN:
SF:models\Booking.js
FNF:0
FNH:0
DA:1,12
DA:3,12
DA:105,12
DA:107,12
LF:4
LH:4
BRF:0
BRH:0
end_of_record
TN:
SF:models\Hotel.js
FN:47,(anonymous_0)
FNF:1
FNH:1
FNDA:46,(anonymous_0)
DA:1,12
DA:3,12
DA:47,46
DA:102,12
DA:104,12
LF:5
LH:5
BRF:0
BRH:0
end_of_record
TN:
SF:models\Notification.js
FNF:0
FNH:0
DA:1,9
DA:3,9
DA:61,9
DA:63,9
LF:4
LH:4
BRF:0
BRH:0
end_of_record
TN:
SF:models\Payment.js
FNF:0
FNH:0
DA:1,9
DA:3,9
DA:88,9
LF:3
LH:3
BRF:0
BRH:0
end_of_record
TN:
SF:models\Review.js
FNF:0
FNH:0
DA:1,11
DA:3,11
DA:79,11
DA:81,11
LF:4
LH:4
BRF:0
BRH:0
end_of_record
TN:
SF:models\ReviewReport.js
FNF:0
FNH:0
DA:1,9
DA:3,9
DA:48,9
DA:50,9
LF:4
LH:4
BRF:0
BRH:0
end_of_record
TN:
SF:models\Room.js
FNF:0
FNH:0
DA:1,12
DA:3,12
DA:61,12
LF:3
LH:3
BRF:0
BRH:0
end_of_record
TN:
SF:models\User.js
FN:51,(anonymous_0)
FN:61,(anonymous_1)
FNF:2
FNH:2
FNDA:230,(anonymous_0)
FNDA:3,(anonymous_1)
DA:1,12
DA:2,12
DA:4,12
DA:51,12
DA:52,230
DA:53,0
DA:55,230
DA:56,230
DA:57,230
DA:61,12
DA:62,3
DA:65,12
LF:12
LH:11
BRDA:52,0,0,0
BRDA:52,0,1,230
BRF:2
BRH:1
end_of_record
TN:
SF:services\analyticsService.js
FN:11,(anonymous_0)
FN:67,(anonymous_1)
FN:70,(anonymous_2)
FN:75,(anonymous_3)
FN:107,(anonymous_4)
FN:218,(anonymous_5)
FN:222,(anonymous_6)
FN:296,(anonymous_7)
FN:297,(anonymous_8)
FN:308,(anonymous_9)
FN:346,(anonymous_10)
FN:349,(anonymous_11)
FN:448,(anonymous_12)
FN:453,(anonymous_13)
FNF:14
FNH:12
FNDA:4,(anonymous_0)
FNDA:4,(anonymous_1)
FNDA:3,(anonymous_2)
FNDA:3,(anonymous_3)
FNDA:3,(anonymous_4)
FNDA:2,(anonymous_5)
FNDA:2,(anonymous_6)
FNDA:0,(anonymous_7)
FNDA:0,(anonymous_8)
FNDA:2,(anonymous_9)
FNDA:1,(anonymous_10)
FNDA:1,(anonymous_11)
FNDA:1,(anonymous_12)
FNDA:1,(anonymous_13)
DA:1,9
DA:2,9
DA:3,9
DA:4,9
DA:5,9
DA:6,9
DA:11,9
DA:12,4
DA:13,4
DA:14,4
DA:16,4
DA:17,4
DA:19,4
DA:21,0
DA:23,0
DA:24,0
DA:25,0
DA:26,0
DA:28,0
DA:29,0
DA:31,4
DA:32,4
DA:34,0
DA:35,0
DA:37,0
DA:38,0
DA:39,0
DA:41,0
DA:42,0
DA:44,0
DA:45,0
DA:46,0
DA:48,0
DA:49,0
DA:50,0
DA:52,0
DA:54,0
DA:55,0
DA:59,4
DA:60,4
DA:62,4
DA:65,9
DA:68,4
DA:70,4
DA:71,3
DA:74,3
DA:75,3
DA:77,3
DA:78,0
DA:106,3
DA:107,3
DA:108,3
DA:111,3
DA:216,3
DA:217,3
DA:218,3
DA:219,2
DA:222,3
DA:223,3
DA:224,3
DA:225,3
DA:226,3
DA:227,3
DA:228,3
DA:230,3
DA:231,3
DA:232,3
DA:235,3
DA:251,3
DA:252,3
DA:255,3
DA:259,3
DA:260,3
DA:261,3
DA:262,3
DA:263,3
DA:266,3
DA:267,3
DA:269,3
DA:281,3
DA:295,3
DA:296,0
DA:297,0
DA:308,3
DA:309,2
DA:310,2
DA:311,2
DA:317,3
DA:347,1
DA:349,1
DA:350,1
DA:353,1
DA:354,1
DA:355,1
DA:356,1
DA:357,1
DA:360,1
DA:446,1
DA:448,1
DA:449,1
DA:450,1
DA:453,1
DA:454,1
DA:455,1
DA:456,1
DA:457,1
DA:459,1
DA:460,1
DA:461,1
DA:463,1
DA:483,9
LF:111
LH:85
BRDA:11,0,0,0
BRDA:11,1,0,0
BRDA:11,2,0,0
BRDA:19,3,0,0
BRDA:19,3,1,0
BRDA:19,3,2,0
BRDA:19,3,3,4
BRDA:19,3,4,0
BRDA:19,3,5,0
BRDA:19,3,6,0
BRDA:19,3,7,0
BRDA:19,3,8,0
BRDA:44,4,0,0
BRDA:44,4,1,0
BRDA:48,5,0,0
BRDA:48,5,1,0
BRDA:67,6,0,0
BRDA:67,7,0,4
BRDA:67,8,0,4
BRDA:68,9,0,4
BRDA:68,9,1,4
BRDA:68,10,0,4
BRDA:68,10,1,4
BRDA:77,11,0,0
BRDA:77,11,1,3
BRDA:107,12,0,3
BRDA:107,12,1,0
BRDA:216,13,0,3
BRDA:216,13,1,0
BRDA:218,14,0,3
BRDA:218,14,1,0
BRDA:223,15,0,3
BRDA:223,15,1,2
BRDA:224,16,0,3
BRDA:224,16,1,2
BRDA:225,17,0,3
BRDA:225,17,1,3
BRDA:226,18,0,3
BRDA:226,18,1,3
BRDA:227,19,0,3
BRDA:227,19,1,3
BRDA:230,20,0,3
BRDA:230,20,1,1
BRDA:231,21,0,3
BRDA:231,21,1,1
BRDA:232,22,0,3
BRDA:232,22,1,1
BRDA:251,23,0,3
BRDA:251,23,1,3
BRDA:255,24,0,3
BRDA:255,24,1,0
BRDA:259,25,0,2
BRDA:259,25,1,1
BRDA:260,26,0,3
BRDA:260,26,1,0
BRDA:261,27,0,2
BRDA:261,27,1,1
BRDA:262,28,0,2
BRDA:262,28,1,1
BRDA:263,29,0,2
BRDA:263,29,1,1
BRDA:299,30,0,0
BRDA:299,30,1,0
BRDA:300,31,0,0
BRDA:300,31,1,0
BRDA:301,32,0,0
BRDA:301,32,1,0
BRDA:304,33,0,0
BRDA:304,33,1,0
BRDA:308,34,0,3
BRDA:308,34,1,0
BRDA:309,35,0,2
BRDA:309,35,1,0
BRDA:310,36,0,2
BRDA:310,36,1,0
BRDA:336,37,0,3
BRDA:336,37,1,0
BRDA:337,38,0,3
BRDA:337,38,1,0
BRDA:346,39,0,0
BRDA:346,40,0,1
BRDA:346,41,0,1
BRDA:347,42,0,1
BRDA:347,42,1,1
BRDA:347,43,0,1
BRDA:347,43,1,1
BRDA:446,44,0,1
BRDA:446,44,1,0
BRDA:448,45,0,1
BRDA:448,45,1,0
BRDA:454,46,0,1
BRDA:454,46,1,0
BRDA:455,47,0,1
BRDA:455,47,1,1
BRDA:456,48,0,1
BRDA:456,48,1,1
BRDA:459,49,0,1
BRDA:459,49,1,0
BRDA:460,50,0,1
BRDA:460,50,1,0
BRDA:461,51,0,1
BRDA:461,51,1,0
BRDA:476,52,0,1
BRDA:476,52,1,0
BRDA:477,53,0,1
BRDA:477,53,1,0
BRF:106
BRH:62
end_of_record
TN:
SF:services\auditService.js
FN:7,(anonymous_0)
FN:55,(anonymous_1)
FNF:2
FNH:2
FNDA:20,(anonymous_0)
FNDA:1,(anonymous_1)
DA:1,9
DA:3,9
DA:17,20
DA:18,20
DA:19,20
DA:21,20
DA:22,12
DA:23,12
DA:24,12
DA:25,12
DA:29,20
DA:30,20
DA:31,20
DA:32,20
DA:33,20
DA:35,20
DA:48,0
DA:56,1
DA:57,1
DA:58,1
DA:59,1
DA:61,1
DA:62,1
DA:63,1
DA:68,1
DA:78,9
LF:26
LH:25
BRDA:8,0,0,0
BRDA:9,1,0,11
BRDA:12,2,0,3
BRDA:13,3,0,0
BRDA:14,4,0,8
BRDA:15,5,0,8
BRDA:21,6,0,12
BRDA:21,6,1,8
BRDA:22,7,0,12
BRDA:22,7,1,12
BRDA:22,7,2,0
BRDA:22,7,3,0
BRDA:23,8,0,12
BRDA:23,8,1,12
BRDA:24,9,0,0
BRDA:24,9,1,12
BRDA:24,10,0,12
BRDA:24,10,1,0
BRDA:25,11,0,3
BRDA:25,11,1,9
BRDA:25,12,0,12
BRDA:25,12,1,3
BRDA:40,13,0,17
BRDA:40,13,1,3
BRDA:55,14,0,0
BRDA:55,15,0,0
BRDA:55,16,0,0
BRDA:57,17,0,0
BRDA:57,17,1,1
BRDA:58,18,0,0
BRDA:58,18,1,1
BRDA:59,19,0,0
BRDA:59,19,1,1
BRF:33
BRH:21
end_of_record
TN:
SF:services\availabilityService.js
FN:5,(anonymous_0)
FN:33,(anonymous_1)
FNF:2
FNH:2
FNDA:11,(anonymous_0)
FNDA:4,(anonymous_1)
DA:1,10
DA:2,10
DA:3,10
DA:5,10
DA:6,11
DA:7,11
DA:9,11
DA:10,11
DA:11,0
DA:20,11
DA:27,11
DA:28,11
DA:29,0
DA:32,11
DA:33,11
DA:34,11
DA:35,11
DA:37,11
DA:38,11
DA:40,11
DA:50,10
LF:21
LH:19
BRDA:5,0,0,0
BRDA:5,1,0,11
BRDA:10,2,0,0
BRDA:10,2,1,11
BRDA:10,3,0,11
BRDA:10,3,1,11
BRDA:28,4,0,0
BRDA:28,4,1,11
BRDA:33,5,0,4
BRDA:33,5,1,0
BRDA:34,6,0,11
BRDA:34,6,1,0
BRDA:37,7,0,11
BRDA:37,7,1,0
BRF:14
BRH:8
end_of_record
TN:
SF:services\cacheService.js
FN:15,(anonymous_0)
FN:39,(anonymous_1)
FN:40,(anonymous_2)
FN:41,(anonymous_3)
FN:42,(anonymous_4)
FN:43,(anonymous_5)
FN:45,(anonymous_6)
FN:47,(anonymous_7)
FN:55,(anonymous_8)
FN:80,(anonymous_9)
FN:107,(anonymous_10)
FN:131,(anonymous_11)
FN:177,(anonymous_12)
FN:197,(anonymous_13)
FN:213,(anonymous_14)
FN:222,(anonymous_15)
FN:232,(anonymous_16)
FN:246,(anonymous_17)
FN:256,(anonymous_18)
FN:268,(anonymous_19)
FN:286,(anonymous_20)
FNF:21
FNH:19
FNDA:4,(anonymous_0)
FNDA:25,(anonymous_1)
FNDA:4,(anonymous_2)
FNDA:1,(anonymous_3)
FNDA:4,(anonymous_4)
FNDA:4,(anonymous_5)
FNDA:4,(anonymous_6)
FNDA:1,(anonymous_7)
FNDA:33,(anonymous_8)
FNDA:25,(anonymous_9)
FNDA:17,(anonymous_10)
FNDA:23,(anonymous_11)
FNDA:2,(anonymous_12)
FNDA:19,(anonymous_13)
FNDA:0,(anonymous_14)
FNDA:2,(anonymous_15)
FNDA:1,(anonymous_16)
FNDA:9,(anonymous_17)
FNDA:0,(anonymous_18)
FNDA:7,(anonymous_19)
FNDA:16,(anonymous_20)
DA:1,10
DA:2,10
DA:5,10
DA:15,10
DA:16,4
DA:17,0
DA:21,4
DA:22,4
DA:24,4
DA:25,12
DA:26,12
DA:27,12
DA:31,4
DA:32,4
DA:38,10
DA:39,25
DA:40,4
DA:41,1
DA:42,4
DA:44,4
DA:46,4
DA:48,1
DA:56,33
DA:57,1
DA:60,32
DA:61,32
DA:62,32
DA:64,32
DA:65,32
DA:66,23
DA:69,9
DA:71,0
DA:72,0
DA:73,0
DA:81,25
DA:82,1
DA:85,24
DA:86,24
DA:87,24
DA:89,24
DA:90,24
DA:91,24
DA:93,0
DA:96,24
DA:98,0
DA:99,0
DA:100,0
DA:108,17
DA:109,0
DA:112,17
DA:113,17
DA:114,17
DA:116,17
DA:117,17
DA:118,3
DA:120,17
DA:122,0
DA:123,0
DA:124,0
DA:132,23
DA:133,0
DA:136,23
DA:137,23
DA:138,23
DA:140,23
DA:141,23
DA:144,23
DA:146,23
DA:147,23
DA:150,0
DA:153,23
DA:154,23
DA:156,23
DA:157,4
DA:158,4
DA:162,23
DA:163,4
DA:166,23
DA:168,0
DA:169,0
DA:170,0
DA:178,2
DA:179,0
DA:182,2
DA:183,2
DA:184,2
DA:186,2
DA:187,2
DA:189,0
DA:190,0
DA:199,19
DA:201,19
DA:202,4
DA:203,4
DA:207,15
DA:208,15
DA:211,15
DA:213,15
DA:216,15
DA:223,2
DA:224,2
DA:226,2
DA:233,1
DA:234,1
DA:236,1
DA:237,1
DA:238,1
DA:240,1
DA:247,9
DA:249,9
DA:250,9
DA:257,0
DA:258,0
DA:260,0
DA:262,0
DA:269,7
DA:270,7
DA:272,7
DA:287,16
DA:288,16
DA:289,16
DA:290,16
DA:294,10
DA:295,10
DA:296,10
DA:298,10
LF:126
LH:102
BRDA:15,0,0,0
BRDA:16,1,0,0
BRDA:16,1,1,4
BRDA:16,2,0,4
BRDA:16,2,1,4
BRDA:26,3,0,12
BRDA:26,3,1,0
BRDA:26,4,0,12
BRDA:26,4,1,12
BRDA:26,4,2,12
BRDA:43,5,0,0
BRDA:43,6,0,0
BRDA:43,7,0,0
BRDA:45,8,0,0
BRDA:45,9,0,0
BRDA:45,10,0,0
BRDA:47,11,0,0
BRDA:47,12,0,0
BRDA:47,13,0,0
BRDA:56,14,0,1
BRDA:56,14,1,32
BRDA:62,15,0,0
BRDA:62,15,1,32
BRDA:65,16,0,23
BRDA:65,16,1,9
BRDA:80,17,0,0
BRDA:81,18,0,1
BRDA:81,18,1,24
BRDA:87,19,0,0
BRDA:87,19,1,24
BRDA:90,20,0,24
BRDA:90,20,1,0
BRDA:90,21,0,24
BRDA:90,21,1,24
BRDA:108,22,0,0
BRDA:108,22,1,17
BRDA:114,23,0,0
BRDA:114,23,1,17
BRDA:117,24,0,3
BRDA:117,24,1,14
BRDA:132,25,0,0
BRDA:132,25,1,23
BRDA:138,26,0,0
BRDA:138,26,1,23
BRDA:156,27,0,4
BRDA:156,27,1,19
BRDA:156,28,0,23
BRDA:156,28,1,23
BRDA:162,29,0,4
BRDA:162,29,1,19
BRDA:178,30,0,0
BRDA:178,30,1,2
BRDA:184,31,0,0
BRDA:184,31,1,2
BRDA:201,32,0,4
BRDA:201,32,1,15
BRDA:201,33,0,19
BRDA:201,33,1,4
BRDA:211,34,0,15
BRDA:211,34,1,0
BRDA:211,35,0,15
BRDA:211,35,1,15
BRDA:233,36,0,1
BRDA:233,36,1,0
BRDA:236,37,0,1
BRDA:236,37,1,0
BRDA:256,38,0,0
BRDA:257,39,0,0
BRDA:257,39,1,0
BRDA:270,40,0,5
BRDA:270,40,1,2
BRF:71
BRH:43
end_of_record
TN:
SF:services\emailService.js
FN:25,(anonymous_0)
FNF:1
FNH:1
FNDA:14,(anonymous_0)
DA:1,9
DA:3,9
DA:4,9
DA:5,9
DA:6,9
DA:7,9
DA:9,9
DA:11,9
DA:12,0
DA:23,9
DA:26,14
DA:28,14
DA:29,14
DA:30,0
DA:36,0
DA:37,0
DA:41,14
DA:42,14
DA:45,0
DA:46,0
DA:51,9
LF:21
LH:15
BRDA:4,0,0,9
BRDA:4,0,1,9
BRDA:7,1,0,9
BRDA:7,1,1,9
BRDA:11,2,0,0
BRDA:11,2,1,9
BRDA:11,3,0,9
BRDA:11,3,1,0
BRDA:11,3,2,0
BRDA:26,4,0,0
BRDA:26,4,1,14
BRDA:26,5,0,14
BRDA:26,5,1,14
BRDA:26,5,2,14
BRDA:29,6,0,0
BRDA:29,6,1,14
BRF:16
BRH:11
end_of_record
TN:
SF:services\notificationService.js
FN:8,(anonymous_0)
FN:75,(anonymous_1)
FNF:2
FNH:1
FNDA:14,(anonymous_0)
FNDA:0,(anonymous_1)
DA:1,9
DA:2,9
DA:3,9
DA:4,9
DA:6,9
DA:9,14
DA:10,14
DA:11,14
DA:12,0
DA:13,0
DA:16,14
DA:17,14
DA:19,14
DA:20,0
DA:21,0
DA:24,14
DA:25,14
DA:26,0
DA:30,14
DA:31,14
DA:38,14
DA:39,0
DA:40,0
DA:44,14
DA:45,14
DA:48,14
DA:49,14
DA:50,14
DA:65,14
DA:70,14
DA:71,14
DA:75,0
DA:78,14
DA:81,0
DA:82,0
DA:87,9
LF:36
LH:26
BRDA:11,0,0,0
BRDA:11,0,1,14
BRDA:17,1,0,14
BRDA:17,1,1,6
BRDA:19,2,0,0
BRDA:19,2,1,14
BRDA:25,3,0,0
BRDA:25,3,1,14
BRDA:25,4,0,14
BRDA:25,4,1,14
BRDA:30,5,0,14
BRDA:30,5,1,0
BRDA:38,6,0,0
BRDA:38,6,1,14
BRDA:44,7,0,14
BRDA:44,7,1,0
BRDA:49,8,0,14
BRDA:49,8,1,0
BRDA:65,9,0,2
BRDA:65,9,1,12
BRDA:66,10,0,2
BRDA:66,10,1,10
BRDA:67,11,0,7
BRDA:67,11,1,3
BRDA:70,12,0,14
BRDA:70,12,1,0
BRDA:70,13,0,14
BRDA:70,13,1,14
BRF:28
BRH:20
end_of_record
TN:
SF:services\paymentService.js
FN:8,(anonymous_0)
FN:71,(anonymous_1)
FN:163,(anonymous_2)
FNF:3
FNH:2
FNDA:4,(anonymous_0)
FNDA:3,(anonymous_1)
FNDA:0,(anonymous_2)
DA:1,9
DA:2,9
DA:3,9
DA:4,9
DA:6,9
DA:9,4
DA:10,4
DA:11,0
DA:12,0
DA:13,0
DA:17,4
DA:18,1
DA:19,1
DA:20,1
DA:24,3
DA:25,0
DA:26,0
DA:27,0
DA:30,3
DA:31,0
DA:32,0
DA:33,0
DA:37,3
DA:40,3
DA:43,3
DA:58,3
DA:72,3
DA:73,3
DA:74,0
DA:75,0
DA:76,0
DA:80,3
DA:81,0
DA:82,0
DA:83,0
DA:87,3
DA:88,1
DA:89,1
DA:97,2
DA:98,2
DA:99,1
DA:112,2
DA:114,2
DA:115,1
DA:116,1
DA:117,1
DA:120,1
DA:127,1
DA:128,1
DA:129,1
DA:133,1
DA:134,1
DA:135,1
DA:136,1
DA:137,1
DA:140,1
DA:141,1
DA:142,1
DA:145,1
DA:154,1
DA:164,0
DA:165,0
DA:167,0
DA:168,0
DA:169,0
DA:170,0
DA:172,0
DA:173,0
DA:174,0
DA:175,0
DA:176,0
DA:177,0
DA:179,0
DA:184,0
DA:185,0
DA:195,0
DA:196,0
DA:197,0
DA:199,0
DA:200,0
DA:206,0
DA:207,0
DA:208,0
DA:209,0
DA:220,0
DA:224,9
LF:86
LH:46
BRDA:10,0,0,0
BRDA:10,0,1,4
BRDA:17,1,0,1
BRDA:17,1,1,3
BRDA:24,2,0,0
BRDA:24,2,1,3
BRDA:30,3,0,0
BRDA:30,3,1,3
BRDA:52,4,0,3
BRDA:52,4,1,0
BRDA:62,5,0,3
BRDA:62,5,1,0
BRDA:73,6,0,0
BRDA:73,6,1,3
BRDA:80,7,0,0
BRDA:80,7,1,3
BRDA:87,8,0,1
BRDA:87,8,1,2
BRDA:97,9,0,2
BRDA:97,9,1,1
BRDA:98,10,0,1
BRDA:98,10,1,1
BRDA:106,11,0,1
BRDA:106,11,1,0
BRDA:114,12,0,1
BRDA:114,12,1,1
BRDA:124,13,0,1
BRDA:124,13,1,0
BRDA:151,14,0,1
BRDA:151,14,1,0
BRDA:167,15,0,0
BRDA:167,15,1,0
BRDA:167,16,0,0
BRDA:167,16,1,0
BRDA:168,17,0,0
BRDA:168,17,1,0
BRDA:169,18,0,0
BRDA:169,18,1,0
BRDA:173,19,0,0
BRDA:173,19,1,0
BRDA:173,20,0,0
BRDA:173,20,1,0
BRDA:184,21,0,0
BRDA:184,21,1,0
BRDA:191,22,0,0
BRDA:191,22,1,0
BRDA:195,23,0,0
BRDA:195,23,1,0
BRDA:199,24,0,0
BRDA:199,24,1,0
BRDA:202,25,0,0
BRDA:202,25,1,0
BRDA:206,26,0,0
BRDA:206,26,1,0
BRDA:208,27,0,0
BRDA:208,27,1,0
BRDA:213,28,0,0
BRDA:213,28,1,0
BRF:58
BRH:20
end_of_record
TN:
SF:services\pricingService.js
FN:2,(anonymous_0)
FN:9,(anonymous_1)
FN:26,(anonymous_2)
FNF:3
FNH:3
FNDA:75,(anonymous_0)
FNDA:11,(anonymous_1)
FNDA:5,(anonymous_2)
DA:2,11
DA:3,75
DA:4,75
DA:5,75
DA:9,11
DA:10,11
DA:11,11
DA:13,11
DA:14,0
DA:17,11
DA:18,0
DA:21,11
DA:22,11
DA:26,11
DA:27,5
DA:28,5
DA:29,5
DA:31,5
DA:32,5
DA:35,5
DA:36,5
DA:37,5
DA:39,5
DA:53,11
LF:24
LH:22
BRDA:13,0,0,0
BRDA:13,0,1,11
BRDA:13,1,0,11
BRDA:13,1,1,11
BRDA:17,2,0,0
BRDA:17,2,1,11
BRDA:26,3,0,0
BRDA:31,4,0,5
BRDA:31,4,1,0
BRF:9
BRH:5
end_of_record
TN:
SF:services\ratingService.js
FN:9,(anonymous_0)
FNF:1
FNH:1
FNDA:9,(anonymous_0)
DA:1,10
DA:2,10
DA:3,10
DA:5,10
DA:10,9
DA:12,9
DA:37,9
DA:38,9
DA:39,9
DA:40,9
DA:42,9
DA:43,5
DA:44,5
DA:45,5
DA:46,5
DA:53,5
DA:61,9
DA:69,9
DA:79,10
LF:19
LH:19
BRDA:42,0,0,5
BRDA:42,0,1,4
BRDA:47,1,0,5
BRDA:47,1,1,5
BRDA:48,2,0,5
BRDA:48,2,1,5
BRDA:49,3,0,5
BRDA:49,3,1,4
BRDA:50,4,0,5
BRDA:50,4,1,5
BRDA:51,5,0,5
BRDA:51,5,1,0
BRDA:54,6,0,2
BRDA:54,6,1,3
BRDA:55,7,0,2
BRDA:55,7,1,3
BRDA:56,8,0,2
BRDA:56,8,1,3
BRDA:57,9,0,2
BRDA:57,9,1,3
BRF:20
BRH:19
end_of_record
TN:
SF:services\reviewEligibilityService.js
FN:9,(anonymous_0)
FNF:1
FNH:1
FNDA:10,(anonymous_0)
DA:1,10
DA:2,10
DA:4,10
DA:10,10
DA:12,10
DA:13,0
DA:17,10
DA:18,0
DA:22,10
DA:23,0
DA:27,10
DA:28,1
DA:32,9
DA:33,9
DA:34,9
DA:36,9
DA:37,2
DA:41,7
DA:42,7
DA:43,2
DA:50,5
DA:57,10
LF:22
LH:19
BRDA:12,0,0,0
BRDA:12,0,1,10
BRDA:17,1,0,0
BRDA:17,1,1,10
BRDA:22,2,0,0
BRDA:22,2,1,10
BRDA:22,3,0,10
BRDA:22,3,1,10
BRDA:22,3,2,10
BRDA:27,4,0,1
BRDA:27,4,1,9
BRDA:27,5,0,10
BRDA:27,5,1,9
BRDA:34,6,0,9
BRDA:34,6,1,2
BRDA:34,6,2,2
BRDA:36,7,0,2
BRDA:36,7,1,7
BRDA:42,8,0,2
BRDA:42,8,1,5
BRF:20
BRH:17
end_of_record
TN:
SF:services\reviewService.js
FN:13,(anonymous_0)
FN:34,(anonymous_1)
FN:91,(anonymous_2)
FN:113,(anonymous_3)
FN:136,(anonymous_4)
FN:163,(anonymous_5)
FN:166,(anonymous_6)
FN:193,(anonymous_7)
FN:203,(anonymous_8)
FN:205,(anonymous_9)
FN:217,(anonymous_10)
FN:254,(anonymous_11)
FN:298,(anonymous_12)
FN:314,(anonymous_13)
FN:356,(anonymous_14)
FNF:15
FNH:8
FNDA:6,(anonymous_0)
FNDA:16,(anonymous_1)
FNDA:0,(anonymous_2)
FNDA:0,(anonymous_3)
FNDA:0,(anonymous_4)
FNDA:2,(anonymous_5)
FNDA:2,(anonymous_6)
FNDA:0,(anonymous_7)
FNDA:0,(anonymous_8)
FNDA:0,(anonymous_9)
FNDA:1,(anonymous_10)
FNDA:1,(anonymous_11)
FNDA:0,(anonymous_12)
FNDA:1,(anonymous_13)
FNDA:1,(anonymous_14)
DA:1,9
DA:2,9
DA:3,9
DA:4,9
DA:5,9
DA:6,9
DA:7,9
DA:8,9
DA:9,9
DA:11,9
DA:15,6
DA:16,6
DA:17,2
DA:26,2
DA:27,2
DA:30,4
DA:33,4
DA:34,4
DA:35,16
DA:36,4
DA:41,4
DA:42,4
DA:45,4
DA:58,4
DA:61,4
DA:64,4
DA:74,4
DA:75,4
DA:76,4
DA:87,4
DA:92,0
DA:93,0
DA:94,0
DA:95,0
DA:96,0
DA:99,0
DA:100,0
DA:101,0
DA:102,0
DA:105,0
DA:106,0
DA:107,0
DA:108,0
DA:112,0
DA:113,0
DA:114,0
DA:115,0
DA:119,0
DA:120,0
DA:121,0
DA:122,0
DA:124,0
DA:127,0
DA:130,0
DA:132,0
DA:137,0
DA:138,0
DA:139,0
DA:140,0
DA:141,0
DA:144,0
DA:145,0
DA:146,0
DA:147,0
DA:150,0
DA:151,0
DA:154,0
DA:157,0
DA:159,0
DA:164,2
DA:166,2
DA:167,2
DA:168,2
DA:170,2
DA:171,2
DA:172,2
DA:174,2
DA:175,2
DA:182,2
DA:194,0
DA:199,0
DA:204,0
DA:205,0
DA:207,0
DA:213,0
DA:218,1
DA:219,1
DA:220,0
DA:221,0
DA:222,0
DA:225,1
DA:226,0
DA:227,0
DA:228,0
DA:231,1
DA:237,1
DA:240,1
DA:242,1
DA:250,1
DA:255,1
DA:256,1
DA:257,0
DA:258,0
DA:259,0
DA:263,1
DA:276,1
DA:277,1
DA:278,1
DA:280,1
DA:283,1
DA:285,1
DA:294,1
DA:299,0
DA:310,0
DA:315,1
DA:316,1
DA:317,0
DA:318,0
DA:319,0
DA:322,1
DA:323,1
DA:324,1
DA:325,1
DA:326,1
DA:327,1
DA:328,1
DA:331,0
DA:332,0
DA:333,0
DA:334,0
DA:335,0
DA:339,1
DA:340,1
DA:341,1
DA:343,1
DA:352,1
DA:357,1
DA:358,1
DA:359,0
DA:360,0
DA:361,0
DA:364,1
DA:365,1
DA:368,1
DA:371,1
DA:373,1
DA:382,1
DA:386,9
LF:148
LH:81
BRDA:13,0,0,0
BRDA:16,1,0,2
BRDA:16,1,1,4
BRDA:18,2,0,1
BRDA:18,2,1,1
BRDA:20,3,0,1
BRDA:20,3,1,0
BRDA:22,4,0,0
BRDA:22,4,1,0
BRDA:35,5,0,4
BRDA:35,5,1,12
BRDA:35,6,0,16
BRDA:35,6,1,4
BRDA:35,6,2,4
BRDA:41,7,0,4
BRDA:41,7,1,0
BRDA:48,8,0,4
BRDA:48,8,1,0
BRDA:58,9,0,4
BRDA:58,9,1,0
BRDA:61,10,0,4
BRDA:61,10,1,0
BRDA:70,11,0,4
BRDA:70,11,1,0
BRDA:74,12,0,4
BRDA:74,12,1,0
BRDA:75,13,0,4
BRDA:75,13,1,0
BRDA:75,14,0,4
BRDA:75,14,1,4
BRDA:91,15,0,0
BRDA:93,16,0,0
BRDA:93,16,1,0
BRDA:99,17,0,0
BRDA:99,17,1,0
BRDA:105,18,0,0
BRDA:105,18,1,0
BRDA:105,19,0,0
BRDA:105,19,1,0
BRDA:114,20,0,0
BRDA:114,20,1,0
BRDA:114,21,0,0
BRDA:114,21,1,0
BRDA:114,21,2,0
BRDA:119,22,0,0
BRDA:119,22,1,0
BRDA:120,23,0,0
BRDA:120,23,1,0
BRDA:121,24,0,0
BRDA:121,24,1,0
BRDA:136,25,0,0
BRDA:138,26,0,0
BRDA:138,26,1,0
BRDA:144,27,0,0
BRDA:144,27,1,0
BRDA:144,28,0,0
BRDA:144,28,1,0
BRDA:163,29,0,0
BRDA:163,30,0,0
BRDA:163,31,0,0
BRDA:171,32,0,0
BRDA:171,32,1,2
BRDA:172,33,0,0
BRDA:172,33,1,2
BRDA:219,34,0,0
BRDA:219,34,1,1
BRDA:225,35,0,0
BRDA:225,35,1,1
BRDA:240,36,0,1
BRDA:240,36,1,0
BRDA:254,37,0,0
BRDA:256,38,0,0
BRDA:256,38,1,1
BRDA:276,39,0,1
BRDA:276,39,1,1
BRDA:277,40,0,1
BRDA:277,40,1,0
BRDA:316,41,0,0
BRDA:316,41,1,1
BRDA:322,42,0,1
BRDA:322,42,1,0
BRDA:324,43,0,1
BRDA:324,43,1,0
BRDA:332,44,0,0
BRDA:332,44,1,0
BRDA:332,45,0,0
BRDA:332,45,1,0
BRDA:358,46,0,0
BRDA:358,46,1,1
BRF:89
BRH:32
end_of_record
TN:
SF:services\providers\razorpayProvider.js
FN:18,(anonymous_0)
FN:48,(anonymous_1)
FN:78,(anonymous_2)
FN:96,(anonymous_3)
FNF:4
FNH:3
FNDA:3,(anonymous_0)
FNDA:2,(anonymous_1)
FNDA:0,(anonymous_2)
FNDA:3,(anonymous_3)
DA:1,9
DA:2,9
DA:4,9
DA:5,9
DA:6,9
DA:8,9
DA:9,9
DA:10,0
DA:16,9
DA:19,3
DA:20,0
DA:28,0
DA:37,3
DA:38,3
DA:49,2
DA:50,0
DA:53,2
DA:56,2
DA:61,2
DA:62,2
DA:64,2
DA:65,0
DA:69,2
DA:70,2
DA:71,1
DA:74,1
DA:79,0
DA:81,0
DA:86,0
DA:87,0
DA:89,0
DA:90,0
DA:93,0
DA:97,3
DA:101,9
LF:35
LH:23
BRDA:6,0,0,9
BRDA:6,0,1,9
BRDA:9,1,0,0
BRDA:9,1,1,9
BRDA:9,2,0,9
BRDA:9,2,1,0
BRDA:19,3,0,0
BRDA:19,3,1,3
BRDA:49,4,0,0
BRDA:49,4,1,2
BRDA:49,5,0,2
BRDA:49,5,1,2
BRDA:49,5,2,2
BRDA:53,6,0,2
BRDA:53,6,1,2
BRDA:64,7,0,0
BRDA:64,7,1,2
BRDA:64,8,0,2
BRDA:64,8,1,0
BRDA:70,9,0,1
BRDA:70,9,1,1
BRDA:70,10,0,2
BRDA:70,10,1,1
BRDA:79,11,0,0
BRDA:79,11,1,0
BRDA:89,12,0,0
BRDA:89,12,1,0
BRDA:89,13,0,0
BRDA:89,13,1,0
BRDA:97,14,0,3
BRDA:97,14,1,3
BRF:31
BRH:19
end_of_record
TN:
SF:services\templates\notificationTemplates.js
FN:1,(anonymous_0)
FN:9,(anonymous_1)
FN:37,(anonymous_2)
FN:49,(anonymous_3)
FN:72,(anonymous_4)
FN:93,(anonymous_5)
FN:108,(anonymous_6)
FN:123,(anonymous_7)
FN:145,(anonymous_8)
FNF:9
FNH:9
FNDA:13,(anonymous_0)
FNDA:14,(anonymous_1)
FNDA:14,(anonymous_2)
FNDA:3,(anonymous_3)
FNDA:1,(anonymous_4)
FNDA:1,(anonymous_5)
FNDA:1,(anonymous_6)
FNDA:7,(anonymous_7)
FNDA:1,(anonymous_8)
DA:1,9
DA:2,13
DA:9,14
DA:37,14
DA:48,9
DA:49,3
DA:72,1
DA:93,1
DA:108,1
DA:123,7
DA:145,1
DA:160,9
LF:12
LH:12
BRDA:6,0,0,13
BRDA:6,0,1,4
BRDA:84,1,0,1
BRDA:84,1,1,0
BRF:4
BRH:3
end_of_record
TN:
SF:utils\generateToken.js
FN:3,(anonymous_0)
FN:11,(anonymous_1)
FNF:2
FNH:2
FNDA:227,(anonymous_0)
FNDA:5,(anonymous_1)
DA:1,12
DA:3,12
DA:4,227
DA:11,12
DA:12,5
DA:14,5
DA:15,5
DA:23,5
DA:24,5
DA:26,5
DA:36,12
LF:11
LH:11
BRDA:6,0,0,227
BRDA:6,0,1,227
BRDA:7,1,0,227
BRDA:7,1,1,227
BRDA:11,2,0,0
BRDA:14,3,0,5
BRDA:14,3,1,5
BRDA:19,4,0,0
BRDA:19,4,1,5
BRDA:23,5,0,5
BRDA:23,5,1,0
BRF:11
BRH:8
end_of_record
